jobs
guest
search
static
exp
guest
frontend
ajobs
guest
frontend
static
content
en
us
static
exp
guest
frontend
ajobs
guest
frontend
static
content
todays
top
jobs
worldwid
leverage
professi
network
get
hired
new
jobs
added
daily
noarchiv
width
device
width
initial
scale
website
www
todays
top
jobs
worldwid
leverage
professi
network
get
hired
new
jobs
added
daily
summary
large
image
linkedin
todays
top
jobs
worldwid
leverage
professi
network
get
hired
new
jobs
added
daily
www
jobs
worldwid
new
static
exp
guest
frontend
ajobs
guest
frontend
static
content
linkedin
search
first
name
last
name
join
now
sign
date
posted
past
hours
past
week
past
month
time
company
walmart
labs
cr
england
chiletra
pizza
hut
temporis
experien
level
mid
senior
level
internsh
entry
level
associat
director
job
type
full
time
contract
results
worldwid
new
senior
technica
project
manager
walmart
labs
senior
technica
project
manager
walmart
labs
hoboken
nj
us
help
brightes
minds
technolo
merchand
marketin
supply
chain
talent
reimagin
software
engineer
search
frontend
walmart
labs
software
engineer
search
frontend
walmart
labs
sunnyval
ca
us
search
frontend
team
looking
software
engineer
join
team
responsi
deliveri
great
search
experien
staff
data
scientis
br
walmart
labs
staff
data
scientis
br
walmart
labs
san
bruno
ca
us
looking
passiona
data
scientis
research
building
next
generati
forecast
models
algorith
walmart
easy
apply
quality
engineer
iii
walmart
labs
quality
engineer
iii
walmart
labs
sunnyval
ca
us
help
brightes
minds
technolo
merchand
marketin
supply
chain
talent
reimagin
software
engineer
test
automati
search
frontend
walmart
labs
software
engineer
test
automati
search
frontend
walmart
labs
sunnyval
ca
us
ideal
candidat
will
followin
experien
knowledg
must
passiona
part
manager
software
engineer
walmart
labs
manager
software
engineer
walmart
labs
carlsbad
ca
us
help
brightes
minds
technolo
merchand
marketin
supply
chain
talent
reimagin
staff
technica
program
manager
walmart
labs
staff
technica
program
manager
walmart
labs
sunnyval
ca
us
help
brightes
minds
technolo
merchand
marketin
supply
chain
talent
reimagin
director
software
engineer
walmart
labs
director
software
engineer
walmart
labs
san
bruno
ca
us
will
need
will
need
looking
experien
engineer
leader
help
us
shape
product
discover
senior
software
engineer
test
automati
search
frontend
walmart
labs
senior
software
engineer
test
automati
search
frontend
walmart
labs
sunnyval
ca
us
ideal
candidat
will
followin
experien
knowledg
must
passiona
part
data
scientis
walmart
labs
data
scientis
walmart
labs
sunnyval
ca
us
will
span
many
markets
business
models
form
factors
therefor
looking
engineer
will
bring
staff
machine
learning
engineer
walmart
labs
staff
machine
learning
engineer
walmart
labs
sunnyval
ca
us
help
brightes
minds
technolo
merchand
marketin
supply
chain
talent
reimagin
senior
product
manager
walmart
labs
senior
product
manager
walmart
labs
san
bruno
ca
us
fms
product
built
vision
enable
customer
seamless
fulfillm
experien
across
walmart
owned
sites
software
engineer
iii
walmart
labs
software
engineer
iii
walmart
labs
san
bruno
ca
us
looking
data
science
engineer
experien
machine
learning
artifici
intellig
ideal
candidat
will
staff
machine
learning
engineer
walmart
labs
staff
machine
learning
engineer
walmart
labs
sunnyval
ca
us
help
brightes
minds
technolo
merchand
marketin
supply
chain
talent
reimagin
full
stack
software
engineer
walmart
labs
full
stack
software
engineer
walmart
labs
portland
us
help
brightes
minds
technolo
merchand
marketin
supply
chain
talent
reimagin
senior
software
engineer
walmart
labs
senior
software
engineer
walmart
labs
carlsbad
ca
us
help
brightes
minds
technolo
merchand
marketin
supply
chain
talent
reimagin
senior
quality
engineer
walmart
labs
senior
quality
engineer
walmart
labs
sunnyval
ca
us
help
brightes
minds
technolo
merchand
marketin
supply
chain
talent
reimagin
senior
machine
learning
engineer
walmart
labs
senior
machine
learning
engineer
walmart
labs
sunnyval
ca
us
help
brightes
minds
technolo
merchand
marketin
supply
chain
talent
reimagin
senior
quality
engineer
walmart
labs
senior
quality
engineer
walmart
labs
sunnyval
ca
us
help
brightes
minds
technolo
merchand
marketin
supply
chain
talent
reimagin
staff
software
engineer
golang
remote
us
home
office
walmart
labs
staff
software
engineer
golang
remote
us
home
office
walmart
labs
bellevue
wa
us
walmart
labs
looking
backend
develope
help
build
tools
speed
walmart
e
commerce
walmart
labs
looking
senior
machine
learning
engineer
walmart
labs
senior
machine
learning
engineer
walmart
labs
sunnyval
ca
us
help
brightes
minds
technolo
merchand
marketin
supply
chain
talent
reimagin
technica
project
manager
walmart
labs
technica
project
manager
walmart
labs
san
bruno
ca
us
help
brightes
minds
technolo
merchand
marketin
supply
chain
talent
reimagin
program
director
communit
strategy
executio
walmart
labs
program
director
communit
strategy
executio
walmart
labs
san
bruno
ca
us
part
transfor
seeking
leader
developm
walmart
data
analytic
communit
council
senior
software
engineer
devops
walmart
labs
senior
software
engineer
devops
walmart
labs
sunnyval
ca
us
help
brightes
minds
technolo
merchand
marketin
supply
chain
talent
reimagin
senior
data
scientis
br
walmart
labs
senior
data
scientis
br
walmart
labs
san
bruno
ca
us
looking
passiona
data
scientis
research
building
next
generati
forecast
models
algorith
walmart
easy
apply
viewed
jobs
search
large
loading
spinner
text
static
exp
guest
frontend
ajobs
guest
frontend
static
content
user
agreemen
privacy
policy
cookie
policy
copyrigh
policy
brand
policy
guest
controls
communit
guidelin
language
language
jobs
guest
search
www
create
ua
cookiedo
linkedin
set
referrer
set
location
set
title
linkedin
set
forcessl
set
anonymiz
send
pageview
googlean
script
ga
load
