ie
edge
text
text
beacon
bam
data
errorbea
bam
data
licensek
applicat
transact
zwehzuae
lkgdxsix
queuetim
applicat
agent
atts
text
function
handle
ee
tracer
loader
undefine
setpagev
setcusto
seterror
finished
addtotra
inlinehi
addrelea
api
ixn
api
addpagea
routenam
function
tracer
fn
start
fn
err
fn
end
actionte
setname
setattri
save
ignore
onend
getconte
end
get
string
err
chrome
chromium
safari
undefine
undefine
undefine
feature
gos
ee
handle
object
function
gos
script
mark
onload
api
script
complete
mark
domconte
api
handle
ee
addevent
attachev
bam
data
bam
data
js
agent
domconte
load
onreadys
onload
mark
firstbyt
api
loader
charset
delivery
ibm
authorin
ibm
noindex
nofollow
copyrigh
ibm
corporat
ibm
brassrin
talent
gateway
zz
initial
scale
width
device
width
height
device
height
search
data
data
data
data
data
nmdetasy
fpuu
tg
kqgpanhf
owtww
apis
text
text
text
text
text
text
text
director
software
engineer
walmart
job
details
page
director
software
engineer
walmart
job
details
job
details
customer
experien
engineer
team
wal
brassrin
job
details
job
employme
resume
job
listing
job
opening
job
descript
career
job
opportun
employme
opportun
job
vacancy
post
resume
professi
professi
job
applicat
job
posting
hiring
job
intervie
employer
director
software
engineer
walmart
text
logintem
signinfo
loginbox
marginto
reqfield
asterisk
alert
ngdialog
bshowmob
signinfo
error
blurred
signinfo
error
submit
erroratl
dynamics
invalidu
labelval
hideinmo
blocklev
reqfield
logininp
ngdialog
loginfie
loginfie
erroratl
dynamics
invalidu
true
false
signinfu
showinfu
hideinmo
logincon
blocklev
loginfie
ngdialog
loginfie
loginfie
blurred
false
blurred
true
text
true
regexequ
loginfie
true
signinfu
showinfu
labelval
hideinmo
blocklev
error
ngdialog
bshowmob
signinfo
error
blurred
signinfu
showinfu
labelval
hideinmo
blocklev
error
ngdialog
bshowmob
signinfo
error
submit
signinfu
showinfu
labelval
hideinmo
blocklev
error
ngdialog
bshowmob
signinfo
error
erroratl
dynamics
invalidu
alert
ngdialog
bshowmob
signinfo
error
submit
erroratl
dynamics
invalidu
labelval
hideinmo
blocklev
reqfield
logininp
ngdialog
password
password
erroratl
dynamics
invalidu
true
false
signinfu
showinfu
logincon
hideinmo
blocklev
password
ngdialog
password
password
password
true
password
true
signinfu
showinfu
labelval
hideinmo
blocklev
error
ngdialog
bshowmob
signinfo
error
submit
signinfu
showinfu
labelval
hideinmo
blocklev
error
ngdialog
bshowmob
erroratl
dynamics
invalidu
tgsettin
enhanced
loginhom
labelval
blocklev
underlin
tgsettin
enhanced
forgotpa
tgsettin
enhanced
loginhom
labelval
blocklev
underlin
tgsettin
enhanced
forgotpa
primaryb
submitbu
hideinmo
ladda
button
berror
false
submit
true
prevalid
appscope
signinfo
submit
portallo
newaccnt
labelval
blocklev
underlin
newaccnt
ladda
button
smsubmit
display
none
berror
false
submit
true
validate
text
loginwid
hideinmo
labelval
hd
screenre
tgsettin
tgsettin
yes
username
screenre
tgsettin
tgsettin
yes
username
alert
setfocus
newmsgco
hideinmo
ngdialog
bshowmob
berror
iconcont
bkgerror
fa
fa
times
circle
msgconta
borderer
loginerr
errmsghe
dynamics
attentio
underlin
angular
erroratl
erroratl
loginerr
erroratl
dynamics
invalidu
focusat
loginerr
dynamics
showme
erroratl
erroratl
dynamics
invalidu
erroratl
hideinmo
socialso
tgsettin
tgsettin
yes
button
tgsettin
sign
using
linkedin
loginwit
fa
fa
linkedin
screenre
button
tgsettin
sign
using
facebook
loginwit
fa
fa
facebook
screenre
button
tgsettin
sign
using
twitter
loginwit
fa
fa
twitter
screenre
button
tgsettin
sign
using
google
loginwit
fa
fa
google
true
screenre
hideinmo
separato
tgsettin
tgsettin
yes
lightacc
true
screenre
username
rule
screenre
tgsettin
tgsettin
yes
username
logintem
text
submitre
generals
hd
html
tgsettin
primaryb
submitre
ladda
button
generalj
text
mobilesi
mobilevi
setfocus
backlink
backclic
false
mobileon
showinfu
bshowbac
loginfro
standalo
back
underlin
headersi
showinfu
title
mobilesi
ladda
button
bbypassg
showpriv
bypassgq
hideinmo
separato
separato
showinfu
separato
showinfu
bbypassg
basecolo
true
rule
screenre
tgsettin
tgsettin
yes
username
screenre
tgsettin
tgsettin
yes
username
alert
setfocus
newmsgco
hideinmo
showtime
showtime
iconcont
bkgerror
fa
fa
times
circle
msgconta
borderer
fieldsme
alert
setfocus
newmsgco
donotall
iconcont
bkgerror
fa
fa
times
circle
msgconta
borderer
fieldsme
donotall
loginwid
tgsettin
tgsettin
yes
socialso
showinfu
socialso
showinfu
tgsettin
tgsettin
yes
loginwit
tgsettin
button
sign
using
linkedin
fa
fa
linkedin
screenre
loginwit
tgsettin
button
sign
using
facebook
fa
fa
facebook
screenre
loginwit
tgsettin
button
sign
using
twitter
fa
fa
twitter
screenre
button
tgsettin
sign
using
google
loginwit
fa
fa
google
true
screenre
hideinmo
separato
separato
showinfu
separato
showinfu
tgsettin
tgsettin
yes
basecolo
true
screenre
username
rule
screenre
tgsettin
tgsettin
yes
username
alert
setfocus
signiner
showinfu
newmsgco
hideinmo
berror
iconcont
bkgerror
fa
fa
times
circle
msgconta
borderer
errmsghe
marginbo
errmsgmo
underlin
erroratl
angular
erroratl
loginerr
erroratl
dynamics
invalidu
focusat
loginerr
dynamics
showme
marginbo
errmsgde
underlin
unameerr
erroratl
angular
erroratl
focusat
loginfie
unameerr
errmsgde
unameerr
erroratl
angular
erroratl
errmsgde
unameerr
erroratl
angular
erroratl
erroratl
dynamics
invalidu
errmsgde
erroratl
dynamics
invalidu
unameerr
dynamics
isincorr
errmsgde
underlin
passerro
erroratl
angular
erroratl
focusat
password
passerro
errmsgde
passerro
erroratl
angular
erroratl
errmsgde
passerro
angular
erroratl
erroratl
dynamics
invalidu
errmsgde
erroratl
dynamics
invalidu
passerro
dynamics
isincorr
erroratl
erroratl
dynamics
invalidu
erroratl
maindiv
tabvalue
ngdialog
close
hideinmo
underlin
showinfu
backclic
true
text
createac
clearfix
createac
nobkgima
theme
none
nojobdes
bjobdesc
graybox
mobileon
bshowfil
uiboolea
createac
backlink
padtopan
backlink
gobackcr
back
underlin
createac
setfocus
padtopan
let
get
started
creating
account
screenre
scope
tgsettin
yes
buttonsh
scope
tgsettin
yes
button
togglebu
headingb
createac
false
newaccnt
true
polite
button
label
linkcolo
invoutli
createac
false
assertiv
screenre
createac
button
togglebu
headingb
createac
true
newaccnt
false
polite
button
label
linkcolo
invoutli
createac
true
assertiv
screenre
screenre
createac
alert
selected
selected
screenre
createac
alert
selected
selected
createow
createac
listcont
clear
createac
submitan
createac
createac
presenta
listelem
submitte
alert
setfocus
newmsgco
createac
iconcont
bkgerror
fa
fa
times
circle
msgconta
borderer
invalidf
invalidf
createac
invalidf
underlin
forgotpa
dynamics
doyounee
alert
newmsgco
setfocus
createac
iconcont
bkgerror
fa
fa
times
circle
msgconta
borderer
invalidf
showinva
underlin
showinva
invalidf
invalidf
msg
createac
underlin
scrollto
msg
msg
errormsg
listelem
thick
redtext
listelem
thick
listelem
padbotto
redtext
username
response
username
textbox
true
errortex
createac
error
submitte
text
createac
username
true
regexequ
individu
true
createac
error
submitte
individu
true
createac
error
submitte
createac
error
response
username
textbox
true
errortex
createac
error
submitte
text
username
createac
true
regexequ
individu
true
createac
error
submitte
createac
error
individu
true
createac
error
submitte
createac
error
listelem
response
default
padbotto
redtext
password
password
openpass
fieldhel
tips
setting
password
button
tips
setting
password
fa
fa
info
circle
screenre
password
password
textbox
true
errortex
createac
error
createac
error
submitte
createac
true
createac
false
createac
false
createac
true
password
createac
password
true
individu
true
createac
error
submitte
createac
individu
true
createac
error
submitte
createac
response
default
padbotto
redtext
password
openpass
fieldhel
tips
setting
password
button
fa
fa
info
circle
screenre
password
password
password
textbox
true
errortex
createac
error
createac
error
createac
error
submitte
createac
true
createac
false
createac
false
createac
true
password
createac
password
true
individu
true
createac
error
submitte
fa
li
fa
fa
exclamat
triangle
fa
icon
warning
individu
true
createac
error
createac
error
submitte
createac
individu
true
createac
error
createac
error
submitte
createac
listelem
submitte
createac
instruct
response
default
screenre
fa
ul
createac
error
createac
createac
undefine
fa
li
fa
fa
exclamat
triangle
fa
icon
warning
createac
error
createac
createac
undefine
fa
li
fa
fa
check
circle
fa
icon
green
password
instruct
response
default
screenre
fa
ul
password
createac
error
createac
fa
li
fa
fa
exclamat
triangle
fa
icon
warning
createac
error
createac
fa
li
fa
fa
check
circle
fa
icon
green
password
createac
error
createac
fa
li
fa
fa
exclamat
triangle
fa
icon
warning
createac
error
createac
fa
li
fa
fa
check
circle
fa
icon
green
password
listelem
padbotto
redtext
confirmp
confirmp
password
textbox
true
errortex
createac
error
submitte
password
createac
confirmp
createac
true
createac
true
createac
false
createac
false
createac
true
individu
true
createac
error
submitte
createac
password
listelem
submitte
createac
instruct
screenre
fa
ul
password
createac
error
createac
fa
li
fa
fa
exclamat
triangle
fa
icon
warning
createac
error
createac
fa
li
fa
fa
check
circle
fa
icon
green
password
listelem
thick
listelem
createac
secanswe
padbotto
redtext
lblsecur
selectse
errortex
submitte
createac
createac
ui
select
selectse
selectme
change
throttle
selectse
createac
true
key
value
key
value
security
individu
true
createac
submitte
individu
true
createac
listelem
createac
security
answer
screenre
security
answer
textbox
true
errortex
createac
answer
error
submitte
createac
createac
createac
dynamics
answer
text
createac
security
answer
true
regexnoh
individu
true
createac
answer
error
submitte
createac
createac
individu
true
createac
createac
answer
error
createac
answer
error
individu
true
createac
answer
error
listelem
createac
secanswe
padbotto
redtext
selectse
errortex
submitte
createac
createac
ui
select
selectse
selectme
change
throttle
selectse
createac
true
key
value
key
value
security
individu
true
createac
submitte
individu
true
createac
listelem
createac
security
answer
screenre
security
answer
textbox
true
errortex
createac
answer
error
submitte
createac
createac
createac
dynamics
answer
text
createac
security
answer
true
regexnoh
individu
true
createac
answer
error
submitte
createac
createac
individu
true
createac
createac
answer
error
createac
answer
error
individu
true
createac
answer
error
listelem
createac
secanswe
padbotto
redtext
selectse
errortex
submitte
createac
createac
ui
select
selectse
selectme
change
throttle
selectse
createac
true
key
value
key
value
security
individu
true
createac
submitte
individu
true
createac
listelem
createac
security
answer
screenre
security
answer
textbox
true
errortex
createac
answer
error
submitte
createac
createac
createac
dynamics
answer
text
createac
security
answer
true
regexnoh
individu
true
createac
answer
error
submitte
createac
createac
individu
true
createac
createac
answer
error
createac
answer
error
individu
true
createac
answer
error
listelem
creating
primaryb
submitbu
ladda
button
createac
true
createac
true
createac
true
submitte
true
createac
true
createac
true
prevalid
appscope
createac
submit
underlin
gobackcr
ladda
button
smsubmit
display
none
submitan
createac
socialne
createso
createac
clear
alert
setfocus
newmsgco
paddingb
createac
iconcont
bkgerror
fa
fa
times
circle
msgconta
borderer
invalidf
padbotto
scope
tgsettin
yes
profiles
tgsettin
linkedin
loginwit
create
account
using
linkedin
fa
fa
linkedin
square
mediaico
presenta
button
label
profiles
tgsettin
create
account
using
facebook
facebook
loginwit
fa
fa
facebook
square
mediaico
presenta
button
label
profiles
tgsettin
create
account
using
twitter
twitter
loginwit
fa
fa
twitter
square
mediaico
presenta
button
label
profiles
tgsettin
create
account
using
google
pseudogo
loginwit
fa
fa
google
true
button
label
text
modaldia
createac
ngdialog
message
setfocus
showinmo
padtop
back
backlink
closethi
button
button
password
password
password
thick
title
password
response
default
response
default
screenre
response
response
text
resetuse
forgotus
forgotus
setfocus
email
login
activepa
email
logincha
login
login
headerti
headerti
login
login
presenta
newmsgco
iconcont
bkgsucce
fa
fa
check
circle
msgconta
bordersu
submit
confirma
primaryb
continue
ladda
button
activepa
back
home
button
label
login
login
activepa
back
home
backlink
padtopan
backlink
back
underlin
login
login
forgotpa
tgsettin
enhanced
headerti
login
alert
setfocus
newmsgco
iconcont
bkgerror
fa
fa
times
circle
msgconta
borderer
errmsghe
errmsgmo
underlin
focusat
login
dynamics
showme
dynamics
showme
errmsgde
login
dynamics
attentio
login
dynamics
userdoes
login
dynamics
emaildoe
login
security
item
login
errmsgde
underlin
item
item
focusat
item
item
errmsgde
underlin
item
item
focusat
item
item
errmsgde
item
item
errmsgde
underlin
item
item
focusat
item
item
errmsgde
login
item
errmsgde
item
forgotpa
border
style
none
forgotpa
display
none
tgsettin
enhanced
radio
rbtpassw
resetuse
rbtnameo
login
password
password
password
tgsettin
enhanced
padbotto
radio
rbtusern
resetuse
rbtnameo
login
username
username
username
response
login
password
marginbo
thick
response
login
password
marginbo
thick
login
username
marginbo
thick
reqfield
login
username
padbotto
reqfield
ng
binding
lblfirst
true
lblfirst
email
invalid
bad
email
invalid
login
good
email
invalid
login
text
firstnam
firstnam
login
login
regexnam
errmsg
email
error
login
errmsg
email
error
email
error
login
padbotto
reqfield
lbllastn
true
lbllastn
email
invalid
bad
email
invalid
login
good
email
invalid
login
text
lastname
lastname
login
true
login
regexnam
errmsg
email
error
login
errmsg
email
error
email
error
login
headerti
padbotto
lblhomep
lblhomep
bad
login
email
invalid
login
good
login
email
invalid
login
text
homephon
homephon
login
true
login
regexpho
errmsg
login
email
error
login
dynamics
attentio
login
errmsg
email
error
email
error
login
padbotto
lblemail
lblemail
bad
login
email
invalid
login
good
login
email
invalid
login
text
email
email
login
true
login
regexuse
errmsg
login
email
error
login
dynamics
attentio
login
errmsg
email
error
email
error
login
response
login
password
padbotto
reqfield
lblpassu
true
lblpassu
login
bad
login
email
invalid
login
good
login
email
invalid
login
text
username
username
login
login
true
regexuse
errmsg
email
error
login
errmsg
email
error
email
error
login
errmsg
login
login
dynamics
attentio
email
error
email
error
login
response
login
password
padbotto
reqfield
lblpassp
email
dynamics
email
true
login
bad
login
email
invalid
login
good
login
email
invalid
login
text
email
email
login
true
login
regexuse
errmsg
email
error
login
errmsg
email
error
email
error
login
errmsg
login
login
dynamics
attentio
email
error
email
error
login
buttonco
submit
button
emailsub
primaryb
continue
ladda
button
validate
activepa
back
home
underlin
security
login
login
activepa
security
login
successm
submit
primaryb
continue
activepa
back
home
button
label
login
security
backlink
emailtos
true
underlin
activepa
email
headerti
errmsghe
login
alert
newmsgco
iconcont
bkgerror
fa
fa
times
circle
msgconta
borderer
errmsghe
login
dynamics
attentio
errmsgmo
underlin
focusat
login
security
item
login
login
dynamics
attentio
errmsgde
underlin
focusat
item
login
errmsgde
login
errmsgde
backende
login
dynamics
attentio
presenta
presenta
thick
marginbo
presenta
presenta
reqfield
login
badans
security
invalid
login
presenta
reqfield
lbltxtse
login
presenta
true
lbltxtse
security
invalid
txtsecur
security
login
text
regexnoh
errmsgar
security
error
login
errmsgar
security
error
login
login
badans
security
invalid
login
presenta
reqfield
lbltxtse
login
presenta
true
lbltxtse
security
invalid
txtsecur
security
login
text
regexnoh
errmsgar
security
error
login
errmsgar
security
error
login
login
badans
security
invalid
login
presenta
reqfield
lbltxtse
login
presenta
true
lbltxtse
security
invalid
txtsecur
security
login
text
regexnoh
errmsgar
security
error
login
errmsgar
security
error
login
presenta
submit
primaryb
continue
ladda
button
button
login
true
login
true
login
true
validate
resetpas
login
isnameor
username
activepa
resetuse
login
headerti
newmsgco
iconcont
bkgsucce
fa
fa
check
circle
msgconta
bordersu
security
button
submit
primaryb
continue
forgotpa
button
label
login
logincha
headerti
logincha
headerti
errmsghe
resetpwd
login
alert
newmsgco
iconcont
bkgerror
fa
fa
times
circle
msgconta
borderer
errmsghe
login
dynamics
attentio
errmsgmo
underlin
focusat
login
security
login
errmsgde
underlin
login
focusat
login
errmsgde
hypen
login
errmsgde
login
dynamics
attentio
login
dynamics
newpassw
errmsgde
login
dynamics
attentio
login
dynamics
reentern
backende
login
dynamics
attentio
thick
marginbo
reqfield
reqfield
badpassw
lbltxtpw
password
openpass
fieldhel
tips
setting
password
button
tips
setting
password
fa
fa
info
circle
screenre
true
false
password
pwd
lbltxtpw
true
resetpas
error
bad
resetpas
error
login
login
login
login
dynamics
password
login
dynamics
attentio
login
dynamics
answersd
good
resetpas
error
login
login
login
login
dynamics
attentio
login
dynamics
answersd
txtpwd
login
login
false
login
false
login
true
immediat
help
password
login
true
inputhel
input
help
alert
assertiv
addition
lblpassw
pwdvalid
tgsettin
strong
pwdvalid
tgsettin
default
pwdhassp
tgsettin
strong
liforscr
errmsg
resetpas
error
login
login
errmsg
login
login
dynamics
password
login
dynamics
attentio
login
dynamics
answersd
login
resetpas
error
pwdboxal
login
login
dynamics
attentio
login
dynamics
answersd
login
reqfield
lbltxtpw
true
lbltxtpw
resetpas
error
txtpwdco
pwdconfi
bad
resetpas
error
login
login
pwdcorre
true
good
resetpas
error
login
login
pwdcorre
true
login
false
login
true
login
input
xlarge
login
password
login
errmsg
msg
error
pwdcorre
true
resetpas
error
login
login
login
submit
primaryb
continue
ladda
button
login
true
login
true
login
true
validate
button
label
resetuse
login
isnameor
username
activepa
resetuse
headerti
submit
primaryb
continue
ladda
button
continue
activepa
back
home
button
label
text
timeoutw
timeoutw
newmsgco
title
marginbo
iconcont
bkgwarni
fa
fa
check
circle
msgconta
borderwa
buttons
primaryb
extendti
button
label
golink
link
button
label
text
privacyp
privacyp
backlink
standalo
standalo
isnonpro
gobackcr
underlin
bprivacy
bprivacy
privacyp
privacyp
setfocus
thick
sidenote
privacyp
html
tgsettin
primaryb
padtopan
nextpriv
option
button
label
underlin
dynamics
disagree
privacyd
bprivacy
privacyp
option
option
privacyp
html
privacyp
privacyp
radio
true
option
option
option
option
option
privacyp
radio
option
option
option
option
option
primaryb
padtopan
nextpriv
button
label
bprivacy
privacyp
privacyp
setfocus
privacyp
html
privacyp
primaryb
padtopan
nextpriv
option
button
label
text
candidat
brespons
candidat
candidat
pagehead
candidat
searchop
setfocus
homeview
candidat
candidat
link
candidat
candidat
link
movetone
link
event
link
candidat
candidat
html
link
responsi
vexppare
brespons
isnonpro
anonymou
bypassgq
candidat
responsi
vexppare
candzone
region
dashboar
candidat
dashboar
candidat
null
vexppare
candidat
myfiles
editprof
candidat
jobprofi
region
profile
vexppare
filemana
region
file
manager
candidat
jobprofi
candidat
myfiles
candidat
null
vexppare
accounts
candidat
accounts
vexppare
applicat
region
candidat
applicat
previewo
candport
candport
applicat
detail
jobappli
candidat
applicat
previewo
candport
candidat
applicat
candport
candport
candidat
applicat
candport
candport
vexppare
region
responsi
candidat
responsi
assessme
vexppare
messaget
candidat
messagea
vexppare
region
referral
candidat
responsi
referral
vexppare
region
applicat
candidat
applicat
add
files
bloadcan
link
customsp
defaultl
togglesp
screenre
text
powersea
listcont
navigate
event
bottomco
entering
search
criteria
please
press
esc
key
order
search
take
actions
screenre
back
backlink
getpower
underlin
joblist
setfocus
powersea
paddingt
listelem
alert
newmsgco
setfocus
powersea
iconcont
bkgerror
fa
fa
times
circle
msgconta
borderer
invalidf
dynamics
attentio
showinva
underlin
showinva
dynamics
showme
invalidf
invalidf
msg
powersea
underlin
scrollto
msg
msg
msg
errormsg
msg
tgsettin
yes
liner
showicon
handlers
event
screenre
less
powersea
dynamics
keyword
powersea
arrow
powersea
powersea
powersea
tgsettin
yes
liner
showicon
handlers
event
screenre
less
powersea
dynamics
location
powersea
powersea
powersea
powersea
pintofol
question
powersea
liner
invalid
question
date
question
id
getpower
showicon
handlers
event
screenre
less
powersea
question
select
question
single
select
question
multi
select
question
checkbox
question
radio
question
date
question
html
question
id
question
question
postingd
question
true
question
date
question
question
date
question
html
question
daterang
question
true
id
errormes
question
date
question
question
error
question
text
question
email
controlw
controll
control
text
question
id
question
numeric
controlw
controll
control
text
question
id
question
textarea
controlw
controll
question
id
question
select
question
single
select
question
multi
select
question
checkbox
question
radio
id
legend
html
question
checkbox
op
question
checkbox
checkbox
op
id
checkbox
id
id
checkbox
id
checkbox
html
op
question
advanced
id
selected
op
question
selected
accentbk
handlers
event
close
button
screenre
bottomco
navigati
actions
bottomco
button
primaryb
ladda
button
powersea
button
label
underlin
bottomco
getpower
text
securitq
security
security
alert
newmsgco
changese
iconcont
bkgerror
fa
fa
times
circle
msgconta
borderer
errmsghe
errmsgmo
underlin
changese
changese
changese
invalidf
invalidf
item
changese
item
underlin
changese
item
errmsgde
invalidf
invalidf
item
changese
item
underlin
changese
item
errmsgde
item
backende
changese
dynamics
attentio
thick
reqfield
changese
reqfield
optsecur
security
bad
changese
changese
changese
true
ui
select
selectse
selectme
change
throttle
optsecur
changese
submitte
name
value
security
index
errmsgcu
true
changese
changese
errmsgcu
true
changese
changese
changese
txtsecur
answer
screenre
optsecur
answer
txtsecur
answer
bad
security
answer
error
changese
changese
changese
answer
text
changese
changese
false
security
answer
errmsg
true
security
answer
error
changese
changese
errmsg
true
security
answer
error
changese
changese
changese
reqfield
optsecur
security
bad
changese
changese
changese
true
ui
select
selectse
selectme
change
throttle
optsecur
changese
submitte
name
value
security
index
errmsgcu
true
changese
changese
errmsgcu
true
changese
changese
changese
txtsecur
answer
screenre
optsecur
answer
txtsecur
answer
bad
security
answer
error
changese
changese
changese
answer
text
changese
changese
false
security
answer
errmsg
true
security
answer
error
changese
changese
errmsg
true
security
answer
error
changese
changese
changese
reqfield
optsecur
security
bad
changese
changese
changese
true
ui
select
selectse
selectme
change
throttle
optsecur
changese
submitte
name
value
security
index
errmsgcu
true
changese
changese
errmsgcu
true
changese
changese
changese
txtsecur
answer
screenre
optsecur
answer
txtsecur
answer
bad
security
answer
error
changese
changese
changese
answer
text
changese
changese
false
security
answer
errmsg
true
security
answer
error
changese
changese
errmsg
true
security
answer
error
changese
changese
primaryb
submitbu
changese
true
changese
true
changese
true
submitse
submit
text
bselecte
grouping
selected
region
job
group
divspaci
backlink
backfrom
underlin
heading
divspaci
lightacc
jobgroup
groups
selected
track
index
divspaci
grouphea
heading
heading
alignmen
groups
subheadi
groups
null
groups
null
groups
undefine
divspaci
basecolo
jobtitle
groups
track
index
multiple
root
jobtitle
divspaci
buttonco
primaryb
ladda
button
savereqs
groups
text
bjobcart
jobcartt
jobcartp
region
saved
jobs
divspaci
backlink
underlin
backfrom
savedjob
newmsgco
expiredj
bshowexp
alert
setfocus
iconcont
bkgwarni
fa
fa
exclamat
triangle
presenta
msgconta
borderwa
expiredj
jobheade
jobheade
expiredj
expiredj
expiredj
expiredj
track
index
jobheade
expmsg
expireda
close
button
closeexp
display
block
screenre
ng
binding
jobactio
successf
bjobremo
alert
setfocus
fa
fa
check
circle
presenta
jobheade
jobactio
status
close
button
closejob
display
block
screenre
ng
binding
jobs
emptyjob
jobheade
savejobs
launchse
findjobs
ladda
button
primaryb
bnotappl
jobssect
region
applied
subjobsh
mainlist
listcont
lightacc
joblist
jobs
list
job
job
basecolo
listitem
job
jobs
checkbox
checkbox
job
id
checkbox
id
pseudoch
selected
job
screenre
oq
job
oq
autoreq
liner
lightbor
oq
job
showrend
track
index
jobvalue
oq
jobtitle
featured
checkhot
featured
job
screenre
antirefe
job
referral
screenre
oq
jobprope
oq
handlers
event
root
oq
oq
jobtitle
oq
jobdescr
jobprope
oq
oq
oq
jobdescr
jobprope
oq
oq
handlers
event
jobsaved
job
job
job
null
job
bapplied
jobssect
region
applied
subjobsh
mainlist
listcont
lightacc
joblist
jobs
list
job
job
basecolo
listitem
job
jobs
checkbox
checkbox
job
id
checkbox
id
pseudoch
selected
job
screenre
oq
job
oq
autoreq
liner
lightbor
oq
job
showrend
track
index
jobvalue
oq
jobtitle
featured
checkhot
featured
job
screenre
antirefe
job
referral
screenre
oq
jobprope
oq
handlers
event
root
oq
oq
jobtitle
oq
jobdescr
jobprope
oq
oq
oq
jobdescr
jobprope
oq
oq
handlers
event
jobsaved
job
job
job
null
job
searchre
buttonsf
bsigninv
selected
jobs
buttonsf
buttonsf
darkacce
enableap
posttone
event
mulapply
primaryb
ladda
button
posttone
event
remove
ladda
button
enablese
posttone
event
share
enableap
disablej
primaryb
ladda
button
enableso
posttone
event
refer
socialre
jobrestr
enableap
disablej
enablese
primaryb
ladda
button
text
bjobcart
savedjob
region
saved
jobs
savedjob
newmsgco
expiredj
bshowexp
alert
setfocus
iconcont
bkgwarni
fa
fa
exclamat
triangle
presenta
msgconta
borderwa
expiredj
jobheade
jobheade
expiredj
expiredj
expiredj
expiredj
track
index
jobheade
expmsg
expireda
close
button
closeexp
display
block
screenre
ng
binding
jobactio
successf
bjobremo
alert
setfocus
fa
fa
check
circle
presenta
jobheade
jobactio
status
close
button
closejob
display
block
screenre
ng
binding
jobs
emptyjob
underlin
launchse
jobssect
joblist
jobcards
jobs
list
cards
jobcard
basecolo
ghostbor
listitem
job
jobs
job
right
triangle
right
triangle
text
fa
fa
check
presenta
liner
lightbor
jobconta
jobconfi
jobconfi
oq
job
showrend
track
index
oq
jobtitle
featured
checkhot
featured
job
screenre
antirefe
job
referral
screenre
oq
jobprope
wraptitl
oq
handlers
event
root
oq
oq
jobtitle
oq
jobdescr
jobprope
oq
oq
jobsaved
jobsaved
job
job
job
job
job
fa
fa
check
presenta
job
job
null
job
cardfoot
checkbox
checkbox
job
id
checkbox
id
pseudoch
selected
job
screenre
oq
job
oq
autoreq
removejo
removejo
event
job
fa
fa
times
circle
true
removebu
searchre
buttonsf
bsigninv
selected
jobs
buttonsf
buttonsf
darkacce
enableap
posttone
event
mulapply
primaryb
ladda
button
posttone
event
remove
ladda
button
enablese
posttone
event
share
enableap
disablej
primaryb
ladda
button
enableso
posttone
event
refer
socialre
jobrestr
enableap
disablej
enablese
primaryb
ladda
button
text
jobcartv
jobcartv
divspaci
closedia
backlink
xclose
paddingb
underlin
title
marginbo
jobsadde
null
jobsadde
bjobssav
bjobsalr
jobheade
marginbo
jobsadde
null
jobsadde
bjobsalr
jobheade
dialogde
marginbo
bjobdeta
jobsalre
null
jobsalre
bjobssav
bjobssav
job
jobsalre
track
index
jobheade
root
job
marginbo
bjobdeta
jobsalre
null
jobsalre
bjobssav
bjobssav
job
jobsalre
track
index
jobheade
root
job
marginbo
jobsadde
null
jobsadde
marginbo
bjobssav
jobsadde
bjobssav
jobcartl
buttonco
primaryb
ladda
button
closedia
underlin
link
launchjo
text
candzone
candzone
vexppare
bcanzone
link
customsp
togglesp
screenre
divpaddi
backlink
dashboar
underlin
profiled
null
profiled
dynamics
dynamics
candidat
divpaddi
backgrou
circle
circle
tgsettin
true
bcanzone
picoptio
getimage
profiled
fileuplo
editpicb
link
tgsettin
true
bcanzone
picoptio
fa
fa
camera
presenta
profilep
screenre
divpaddi
candname
imgcapti
profiled
profiled
dashboar
tablist
dashboar
tabs
tabs
tab
candidat
savedjob
candidat
null
savedjob
tab
savedjob
dashboar
savedjob
dashboar
savedjob
currentt
candidat
savedjob
candidat
null
candzone
tabs
tab
candidat
applicat
applicat
tab
applicat
dashboar
applicat
dashboar
applicat
currentt
candidat
applicat
candzone
tabs
tab
candidat
savedsea
savedsea
tab
savedsea
dashboar
savedsea
dashboar
savedsea
currentt
candidat
savedsea
candzone
tabpanel
savedjob
tab
savedjob
candidat
savedjob
candidat
null
lightacc
savedjob
vexpdiv
ghostbor
savedjob
bjobcart
tabpanel
applicat
tab
applicat
candidat
applicat
lightacc
applicat
vexpdiv
ghostbor
applicat
headerst
bluestic
alert
setfocus
fa
fa
check
presenta
headerst
status
close
button
closehea
applicat
display
block
screenre
ng
binding
withdraw
headerst
bluestic
alert
setfocus
fa
fa
check
presenta
headerst
status
close
button
closehea
withdraw
display
block
screenre
ng
binding
reactiva
headerst
bluestic
alert
setfocus
fa
fa
check
presenta
headerst
status
close
button
closehea
reactiva
display
block
screenre
ng
binding
jobactio
successf
bappsrem
alert
setfocus
fa
fa
check
circle
presenta
jobheade
jobactio
jobalert
close
button
closejob
screenre
ng
binding
newmsgco
expiredj
candzone
null
candzone
alert
setfocus
iconcont
bkgwarni
fa
fa
exclamat
triangle
presenta
msgconta
borderwa
expiredj
jobheade
expiredj
expiredj
expiredj
candzone
track
index
jobheade
expmsg
expireda
close
button
closeapp
display
block
screenre
ng
binding
newmsgco
expiredj
draftnot
alert
setfocus
iconcont
bkgwarni
fa
fa
exclamat
triangle
presenta
msgconta
borderwa
notifica
notifica
expiredj
jobheade
expiredj
expiredj
notifica
expiredj
notifica
track
index
jobheade
expiredj
notifica
expiredj
notifica
track
index
jobheade
msgconta
borderwa
notifica
notifica
expiredj
jobheade
expiredj
expireda
close
button
closeapp
display
block
screenre
ng
binding
newmsgco
expiredj
candzone
null
candzone
alert
setfocus
iconcont
bkgwarni
fa
fa
exclamat
triangle
presenta
msgconta
borderwa
expiredj
jobheade
expiredj
expiredj
expiredj
candzone
track
index
jobheade
expireda
close
button
closesub
display
block
screenre
ng
binding
applicat
collapse
collapse
savedapp
applicat
applicat
tabcount
candzone
fa
link
fa
chevron
collapse
fa
chevron
collapse
savedapp
collapse
jobcards
candzone
null
candzone
cards
jobcard
basecolo
ghostbor
job
candzone
job
link
applicat
openjobs
job
job
job
showfull
wrapgrou
root
job
showmore
job
showfull
job
showfull
true
aligncar
collapse
jobcard
job
showfull
root
job
job
showfull
showfull
false
aligncar
collapse
jobcard
job
oq
job
showrend
track
index
oq
jobtitle
applicat
wraptitl
root
oq
oq
jobtitle
oq
jobdescr
jobprope
oq
job
job
null
job
link
applicat
wraptitl
root
job
datepadd
padding
top
px
job
days
hours
job
cardfoot
unfinish
job
unfinish
fa
fa
repeat
true
unfinish
job
remove
fa
fa
times
circle
true
emptycol
candzone
applicat
collapse
collapse
submitte
applicat
applicat
tabcount
candzone
fa
link
fa
chevron
collapse
fa
chevron
collapse
submitte
collapse
jobcards
candzone
null
candzone
cards
jobcard
basecolo
ghostbor
job
false
highligh
job
job
candzone
job
highligh
fa
fa
minus
circle
presenta
newmsgco
fileacti
job
aligncar
collapse
jobcard
alert
setfocus
iconcont
bkgwarni
fa
fa
exclamat
triangle
presenta
msgconta
borderwa
jobalert
close
link
button
job
false
aligncar
collapse
jobcard
display
block
screenre
ng
binding
oq
job
showrend
track
index
oq
jobtitle
link
enablere
applicat
wraptitl
enablere
showappl
job
root
oq
oq
jobtitle
oq
jobdescr
jobprope
oq
link
enablere
job
job
null
job
applicat
wraptitl
enablere
showappl
job
root
job
datepadd
currents
status
job
fa
fa
minus
circle
fileacti
presenta
job
null
job
job
job
null
job
cardfoot
job
tgsettin
yes
withdraw
job
fa
fa
minus
circle
true
withdraw
job
withdraw
job
fa
fa
refresh
true
reactiva
job
job
true
fa
fa
clock
true
request
pending
job
job
true
aligncar
collapse
jobcard
fa
fa
refresh
true
reactiva
job
job
pull
left
reapplyf
job
fa
fa
reply
true
re
apply
job
job
removeli
showremo
job
fa
fa
times
circle
true
remove
job
job
job
tgsettin
yes
job
job
actionme
pull
right
closeact
collapse
true
false
actionsl
fa
fa
chevron
circle
true
actions
dropdown
ui
menu
ui
menu
item
actionli
reapplyf
job
re
apply
ui
menu
item
actionli
showremo
job
remove
emptycol
candzone
tabpanel
savedsea
tab
savedsea
candidat
savedsea
lightacc
savedsea
vexpdiv
ghostbor
savedsea
headerst
bluestic
alert
setfocus
fa
fa
check
presenta
headerst
savedsea
savedsea
savedsea
status
close
close
button
closehea
savedsea
display
block
screenre
ng
binding
savedsea
savedsea
emptysav
underlin
launchse
jobcards
savedsea
null
cards
jobcard
basecolo
ghostbor
savedsea
savedsea
savedsea
wraptitl
cardbody
savedsea
savedsea
savedsea
savedsea
savedsea
savedsea
expiredi
cardfoot
runsaved
savedsea
fa
fa
play
circle
true
actionme
closesav
true
false
actionsl
fa
fa
chevron
circle
true
dropdown
ui
menu
ui
menu
item
savedsea
savedsea
savedsea
ui
menu
item
savedsea
savedsea
savedsea
ui
menu
item
savedsea
savedsea
savedsea
jobsingr
text
applicat
candzone
closedia
backlink
xclose
underlin
title
lightacc
jobcards
jobsingr
jobcard
basecolo
ghostbor
job
jobsingr
oq
job
showrend
track
index
oq
jobtitle
applicat
wraptitl
root
oq
oq
jobtitle
oq
jobdescr
jobprope
oq
job
null
job
link
applicat
wraptitl
root
job
datepadd
padding
top
px
job
days
hours
job
cardfoot
removejo
job
jobsingr
fa
fa
times
circle
true
text
removalc
divspaci
closedia
backlink
xclose
underlin
title
dialogde
removalm
buttonco
primaryb
ladda
button
removefr
ngdialog
underlin
link
closedia
profielp
text
profilep
picloadi
link
spinner
customsp
togglesp
screenre
paddingb
picsubpa
closedia
backlink
xclose
underlin
picsubpa
picsubme
upldpic
backlink
xclose
underlin
picsubpa
picsubme
showlib
backlink
xclose
underlin
title
header
picsubpa
picsubpa
picsubpa
picmenu
marginto
appdetai
picsubpa
errmsghe
newmsgco
alert
profilep
iconcont
bkgerror
fa
fa
times
circle
msgconta
borderer
errmsghe
backende
dialogde
marginbo
marginbo
upload
picture
fileuplo
marginbo
ui
selectme
button
upldpic
tgsettin
true
button
label
file
myfile
upload
profilep
handlefi
file
show
library
marginbo
showlib
picsubme
button
label
remove
picture
marginbo
deletepr
tgsettin
true
button
label
buttonco
profilec
underlin
link
closedia
editpic
marginto
picsubpa
errmsghe
newmsgco
profilep
iconcont
bkgerror
fa
fa
times
circle
msgconta
borderer
errmsghe
backende
inlined
croparea
img
uploaded
picture
canvas
area
uploaded
picture
canvas
area
myimage
mycroppe
true
manualcr
region
edit
picture
using
followin
controls
inlinefi
class
cropper
class
fa
arrows
alt
increase
size
decrease
size
counter
croppers
croppers
cropperc
true
inlinefi
class
class
fa
arrows
move
move
counter
cropperp
cropperp
croppers
canvashe
croppers
cropperc
true
inlinefi
class
class
fa
arrows
move
right
move
left
counter
cropperp
cropperp
croppers
canvaswi
croppers
cropperc
true
inlinefi
resetcro
screenre
fa
fa
rotate
left
true
inlined
edited
picture
croppedp
backgrou
circle
mycroppe
buttonco
primaryb
ladda
button
croppedp
underlin
link
picsubme
upldpic
picsubpa
divpaddi
iconcont
link
getlocal
myimage
libimage
ladda
button
link
myimage
enumlibp
orderby
key
uploadpi
myimage
getlocal
myimage
getimage
myimage
buttonco
underlin
link
picsubme
showlib
text
withdraw
divspaci
closedia
backlink
xclose
underlin
title
dialogde
confirma
buttonco
primaryb
ladda
button
withdraw
ngdialog
underlin
link
closedia
text
bfileman
filemana
candidat
myfiles
vexpdiv
filemana
lightacc
ghostbor
newmsgco
incomple
incomple
iconcont
bkgwarni
fa
fa
exclamat
triangle
presenta
msgconta
borderwa
incomple
incomple
subgroup
thick
profilei
status
filestat
alert
fa
fa
check
circle
presenta
fileacti
status
close
close
button
resetfil
screenre
ng
binding
status
filestat
alert
fa
fa
check
circle
presenta
fileacti
status
close
close
button
resetfil
screenre
ng
binding
instruct
primaryb
button
addfile
savedres
resumere
button
label
file
basecolo
file
savedres
filename
link
openfile
file
file
file
file
removeli
resumere
file
deletefi
file
fa
fa
times
circle
removeli
resumere
file
deletefi
file
fa
fa
times
circle
subgroup
thick
profilei
status
filestat
alert
fa
fa
check
circle
presenta
fileacti
status
close
close
button
resetfil
screenre
ng
binding
status
filestat
alert
fa
fa
check
circle
presenta
fileacti
status
close
close
button
resetfil
screenre
ng
binding
instruct
primaryb
button
addfile
savedcov
button
label
file
basecolo
file
savedcov
filename
link
openfile
file
file
file
file
removeli
file
deletefi
file
fa
fa
times
circle
removeli
file
deletefi
file
fa
fa
times
circle
subgroup
attachme
savedatt
thick
profilei
status
filestat
alert
fa
fa
check
circle
presenta
fileacti
status
close
close
button
resetfil
screenre
ng
binding
status
filestat
alert
fa
fa
check
circle
presenta
fileacti
status
close
close
button
resetfil
screenre
ng
binding
attachme
instruct
ui
select
attachem
selectme
change
appscope
attachem
categori
attachme
option
attachme
option
option
category
savedcat
category
file
basecolo
file
savedatt
filter
category
category
filename
link
openatta
file
file
removeli
file
deletefi
file
fa
fa
times
circle
removeli
file
deletefi
file
fa
fa
times
circle
text
deletefi
deletefi
title
ngdialog
ngdialog
ngdialog
dialogde
message
ngdialog
dialogde
message
ngdialog
ngdialog
ngdialog
ngdialog
buttons
ngdialog
primaryb
button
label
golink
link
buttons
ngdialog
primaryb
button
label
text
beditpro
editprof
hidden
tgsettin
tgsettin
loadedtg
hidden
msgmaxse
added
maximum
number
skills
msgnomat
matches
found
msgnumbe
please
enter
valid
number
msgrequi
required
msgssn
please
enter
valid
ssn
msgvalid
please
enter
valid
value
msgemail
please
enter
valid
email
address
msgmax
please
enter
value
less
equal
msgmin
please
enter
value
greater
equal
msgerror
please
correct
errors
submitti
form
msgcance
cancel
msgvalid
please
enter
valid
phone
number
msgvalid
please
enter
valid
web
address
msgzip
please
enter
valid
zip
msgother
msgplace
type
answer
msgdater
please
choose
date
mindate
maxdate
msginval
please
enter
valid
zip
msginval
end
year
can
occur
start
year
msginval
please
choose
year
minyear
maxyear
msgs
msgs
hidden
pagemeta
pagemeta
metadata
candzone
divpaddi
backlink
dashboar
underlin
profiled
null
profiled
dynamics
dynamics
candidat
divpaddi
backgrou
circle
circle
tgsettin
true
picoptio
getimage
profiled
fileuplo
editpicb
link
tgsettin
true
picoptio
fa
fa
camera
presenta
profilep
screenre
divpaddi
candname
imgcapti
profiled
profiled
editprof
editprof
editprof
profile
currentt
candidat
profile
candidat
null
editprof
myfiles
currentt
candidat
myfiles
candidat
myfiles
editprof
vexppare
lightacc
ghostbor
region
subviewi
edit
profile
vexpdiv
emptypro
hasprofi
profileb
thick
primaryb
editprof
uploadse
profile
benablei
button
label
separato
lightacc
rule
primaryb
editprof
enterpro
true
true
button
label
profileb
vexpdiv
hasprofi
status
profilei
profilei
setfocus
fa
fa
check
circle
presenta
importms
message
message
profilei
status
close
importms
btnlbl
button
resetpro
btnlbl
screenre
ng
binding
beditpro
benablei
primaryb
editprof
btnimpor
uploadse
profile
button
label
newmsgco
errorcon
beditpro
editprof
editedue
alert
iconcont
bkgerror
fa
fa
times
circle
presenta
msgconta
borderer
invalidf
showinva
underlin
showinva
invalidf
invalidf
msg
editprof
invalidf
underlin
link
scrollto
errorlab
errormsg
invalidf
msg
editedue
invalidf
underlin
link
scrollto
errorlab
errormsg
profiles
profilei
pagecont
profilei
contactt
thick
profilei
beditpro
bprofile
fa
fa
pencil
reviewed
button
enterpro
true
false
screenre
beditpro
basecolo
profilei
ghostbor
fieldcon
profilen
profilef
profilem
profilel
profilel
profilef
profilef
profilel
profilea
addresst
profilea
profileh
infocont
profilef
getprofi
profilef
profileh
profilew
infocont
profilef
getprofi
profilef
profilew
profilef
infocont
profilef
getprofi
profilef
profilef
profilec
infocont
profilef
getprofi
profilef
profilec
profilew
infocont
profilef
getprofi
profilef
profileu
profileu
new
profilew
profilef
profileu
profilew
profilee
infocont
profilef
getprofi
profilef
profilee
profilec
isprofil
infocont
profilef
getprofi
profilef
stacking
date
profilec
profilef
stacking
date
profilec
profilei
beditpro
basecolo
profilei
editprof
editprof
submited
editprof
editprof
ng
pristine
ng
invalid
ng
invalid
nx
equal
ng
valid
required
hasrequi
required
required
fieldcon
isprofil
profiler
required
profilef
firstnam
profilef
text
firstnam
firstnam
profilef
profiler
submitte
isprofil
profiler
fieldcon
isprofil
profiler
required
profilef
fnpronou
profilef
text
fnpronou
fnpronou
profilef
profiler
submitte
isprofil
profiler
fieldcon
isprofil
profiler
required
profilef
middlena
profilef
text
middlena
middlena
profilem
profiler
submitte
isprofil
profiler
fieldcon
isprofil
profiler
required
profilef
lastname
profilef
text
lastname
lastname
profilel
profiler
submitte
isprofil
profiler
fieldcon
isprofil
profiler
required
profilef
lnpronou
profilef
text
lnpronou
lnpronou
profilel
profiler
submitte
isprofil
profiler
fieldcon
isprofil
profiler
required
profilef
address
profilef
text
address
address
profilea
isprofil
profiler
fieldcon
isprofil
profiler
required
profilef
address
profilef
text
address
address
profilea
isprofil
profiler
fieldcon
isprofil
profiler
required
profilef
profile
country
slt
label
profile
country
slt
profile
country
slt
profile
country
slt
label
ui
select
profilei
isprofil
profilec
profilec
ui
filterab
ui
input
search
ui
complete
combobox
country
list
profile
country
slt
label
country
input
listbox
profile
country
slt
input
ui
search
widget
search
profilec
isprofil
profiler
ui
icon
ui
icon
triangle
linkcolo
isprofil
blankets
event
fieldcon
profile
isprofil
profiler
required
profilef
profile
state
slt
label
profile
state
slt
profile
state
slt
profile
state
slt
label
ui
select
profilei
isprofil
profiles
profilef
ui
filterab
ui
input
search
ui
complete
combobox
state
list
profile
state
slt
label
profile
state
slt
input
ui
search
widget
country
search
profilef
isprofil
profiler
false
ui
icon
ui
icon
triangle
linkcolo
isprofil
blankets
event
fieldcon
isprofil
profiler
required
profilef
city
profilef
text
city
city
profilec
isprofil
profiler
fieldcon
isprofil
profiler
required
profilef
zip
profilef
text
zip
zip
profilez
isprofil
profiler
fieldcon
isprofil
profiler
required
profilef
homephon
profilef
text
homephon
homephon
profileh
isprofil
profiler
fieldcon
isprofil
profiler
required
profilef
workphon
profilef
text
workphon
workphon
profilew
isprofil
profiler
fieldcon
isprofil
profiler
required
profilef
fax
profilef
text
fax
fax
profilef
isprofil
profiler
fieldcon
isprofil
profiler
required
profilef
cellphon
profilef
text
cellphon
cellphon
profilec
isprofil
profiler
fieldcon
isprofil
profiler
required
profilef
webaddre
profilef
text
webaddre
webaddre
profilew
isprofil
profiler
fieldcon
isprofil
profiler
required
profilef
email
profilef
text
email
email
profilee
isprofil
profiler
fieldcon
isprofil
inputwra
profiler
required
profilef
stacking
nomargin
screenre
getprofi
profilef
stacking
date
candstac
isprofil
text
stacking
stacking
profilec
stacking
candstac
isprofil
stacking
ssn
stacking
helperte
undefine
profiler
stacking
helperte
stacking
ssn
stacking
date
candstac
isprofil
profilec
candstac
stacking
stacking
profilec
stacking
true
appscope
required
profilei
primaryb
editprof
submit
submitte
true
button
label
underlin
enterpro
false
false
profilei
hideprof
profilei
thick
profilei
eduexpad
ui
bar
educatio
addeduex
educatio
educatio
addedu
educatio
educatio
addremov
add
event
false
editeduf
editeduf
edu
educatio
widgetco
widgetin
basecolo
eduexpin
ghostbor
readonly
edu
educatio
edu
index
presenta
hasrequi
edu
required
required
populate
institut
fieldcon
educatio
index
schoolna
slt
educatio
index
schoolna
slt
ui
select
edu
required
edu
educatio
index
schoolna
slt
label
eduexpla
edu
lblbold
textinpu
edu
ui
filterab
ui
input
search
ui
complete
righttol
rtl
hidden
list
educatio
index
schoolna
slt
hidden
edu
edu
combobox
list
educatio
index
schoolna
slt
input
educatio
index
schoolna
slt
input
educatio
index
schoolna
slt
label
required
ui
search
widget
nohtml
true
textbox
search
updatesc
index
ui
icon
ui
icon
triangle
linkcolo
blankets
event
ui
input
search
righttol
rtl
hidden
list
educatio
index
schoolna
slt
hidden
edu
edu
combobox
list
educatio
index
schoolna
slt
input
educatio
index
schoolna
slt
input
educatio
index
schoolna
slt
label
required
ui
search
widget
nohtml
true
textbox
search
updatesc
index
topparag
populate
edu
edu
edu
hideprof
showmost
edu
index
hideprof
edu
edu
fieldcon
hideprof
edu
eduexpla
gradyear
index
label
eduexpla
edu
edu
edu
textinpu
edu
text
year
yearrang
gradyear
index
gradyear
index
edu
gradyear
index
label
fieldcon
ui
radio
hideyear
hideprof
edu
showmost
edu
index
checkbox
chkrecen
index
edu
chkrecen
index
edu
chkrecen
index
mostrece
edu
edu
paragrap
presenta
populate
edu
edu
edu
fieldcon
edu
required
edumajor
index
label
eduexpla
edu
eduexpla
edu
edu
edu
textinpu
text
required
nohtml
true
textbox
edumajor
index
edumajor
index
edu
edumajor
index
label
populate
edu
edu
edu
fieldcon
educatio
index
degree
slt
educatio
index
degree
slt
ui
select
educatio
index
degree
slt
label
eduexpla
edu
eduexpla
edu
edu
edu
textinpu
edu
ui
filterab
ui
input
search
ui
complete
edu
hidden
edu
educatio
index
degree
slt
hidden
edu
combobox
list
educatio
index
degree
slt
input
ui
search
widget
nohtml
search
updatede
index
educatio
index
degree
slt
label
false
ui
icon
ui
icon
triangle
linkcolo
blankets
event
populate
edu
hideprof
edu
edu
fieldcon
gpa
index
label
eduexpla
edu
eduexpla
edu
edu
edu
edu
textinpu
text
gpa
gpa
index
gpa
index
edu
gpa
index
label
buttonco
edubutto
updateed
index
fa
fa
refresh
edu
educatio
educatio
updateed
index
event
updatete
screenre
fa
fa
times
circle
widgetcl
edu
educatio
educatio
button
addremov
remove
index
event
false
closetex
screenre
button
primaryb
edu
saveeduc
index
done
button
label
screenre
edu
educatio
educatio
canceled
index
screenre
underlin
addremov
add
event
false
basecolo
eduexpin
edu
profilei
hideprof
profilei
thick
profilei
eduexpad
ui
bar
experien
experien
experien
addeduex
experien
experien
addexp
experien
experien
addremov
add
editexpf
editexpf
exp
experien
widgetco
widgetin
basecolo
eduexpin
ghostbor
readonly
exp
experien
exp
index
presenta
hasrequi
exp
required
required
institut
populate
fieldcon
exp
required
exp
empname
index
label
exp
required
lblbold
textinpu
exp
text
required
nohtml
true
textbox
empname
index
empname
index
label
empname
index
exp
topparag
populate
exp
fieldcon
exp
required
exp
jobtitle
index
label
exp
textinpu
exp
text
required
nohtml
true
textbox
jobtitle
index
jobtitle
index
exp
jobtitle
index
label
topparag
populate
exp
presenta
fieldcon
inlinete
exp
exp
required
exp
startyea
index
label
exp
exp
startyea
index
startyea
index
text
year
required
yearrang
true
textbox
exp
startyea
index
label
fieldcon
inlinete
exp
exp
endyear
index
label
exp
exp
text
endyear
index
endyear
index
validate
event
year
endyear
yearrang
exp
endyear
index
label
ui
radio
exp
showmost
exp
index
checkbox
chkexpre
index
chkexpre
index
label
exp
chkexpre
index
exp
chkexpre
index
label
mostrece
exp
exp
paragrap
presenta
populate
exp
exp
exp
fieldcon
responsi
index
label
exp
exp
responsi
exp
trustedh
exp
exptexta
nohtml
responsi
resize
none
exp
responsi
index
exp
responsi
index
label
populate
exp
enablere
exp
exp
fieldcon
skillsco
index
label
exp
exp
exp
responsi
trustedh
exp
exptexta
nohtml
skillsco
resize
none
exp
skills
index
exp
skillsco
index
label
buttonco
expbutto
updateex
index
fa
fa
refresh
exp
experien
experien
updateex
index
event
updatete
screenre
fa
fa
times
circle
widgetcl
button
exp
experien
experien
addremov
remove
index
event
false
closetex
screenre
button
primaryb
exp
saveexpe
index
done
button
label
screenre
exp
cancelex
index
screenre
profilei
hideprof
enablere
profilei
contactt
thick
profilei
fa
fa
pencil
reviewed
pencilsk
button
showskil
view
skillsta
show
screenre
addskill
showskil
hide
addedu
skillsta
show
profilei
showskil
hide
editskil
skillsse
ui
bar
editskil
showskil
show
basecolo
ghostbor
readonly
edu
fieldcon
basecolo
question
selected
containe
skills
page
skillscu
eduexpad
required
listview
skills
genskill
mslt
label
skillscu
hideauto
tgsettin
false
multiple
skills
genskill
mslt
skills
genskill
mslt
skills
genskill
mslt
label
ui
select
multisel
required
selected
sk
skills
track
index
sk
sk
ui
filterab
ui
input
search
ui
complete
ui
autocomp
yes
combobox
visible
input
skills
genskill
mslt
skills
genskill
mslt
input
skills
genskill
mslt
list
ui
search
widget
skills
genskill
mslt
label
skills
genskill
mslt
input
listbox
search
true
profilei
buttonco
edubutto
submit
primaryb
saveskil
done
button
label
skills
skillsta
view
screenre
skills
null
skillsta
hide
screenre
widgetco
basecolo
ui
bar
showskil
view
skillsse
savedski
padding
px
skillwra
sk
skills
track
index
index
text
eduprofi
profilew
backlink
backclic
false
mobileon
showinfu
bshowbac
back
underlin
title
thick
dialogde
question
buttons
button
primaryb
removepr
button
label
linkcolo
button
primary
canceldi
text
expprofi
profilew
backlink
backclic
false
mobileon
showinfu
bshowbac
back
underlin
title
thick
dialogde
question
buttons
button
primaryb
removepr
button
label
linkcolo
button
primary
canceldi
text
accounts
candzone
region
candidat
profile
picture
hidden
msgnumbe
please
enter
valid
number
msgrequi
required
msgerror
please
correct
errors
submitti
form
msgvalid
please
enter
valid
phone
number
smsvalid
smsvalid
divpaddi
backlink
dashboar
underlin
accounts
vexppare
region
account
settings
accounts
heading
lightacc
accounts
vexpdiv
ghostbor
subviewi
subgroup
username
tgsettin
tgsettin
thick
headerte
status
updateac
alert
fa
fa
check
circle
true
updateac
username
tgsettin
updateac
username
tgsettin
updateac
password
updateac
security
status
close
close
button
updateac
screenre
ng
binding
editbox
basecolo
ghostbor
username
field
fieldnam
tgsettin
tgsettin
fieldtex
fieldlin
underlin
underlin
updatelo
username
username
field
fieldnam
fieldlin
underlin
link
updatelo
password
username
field
fieldnam
fieldlin
underlin
link
updatelo
security
field
tgsettin
fieldnam
fieldlin
underlin
link
updatelo
delete
subgroup
socialne
username
tgsettin
tgsettin
accounts
tgsettin
accounts
tgsettin
accounts
tgsettin
accounts
thick
headerte
status
updateac
alert
fa
fa
check
circle
true
updateac
updateac
updateac
updateac
updateac
updateac
updateac
updateac
updateac
updateac
status
close
close
button
updateac
screenre
ng
binding
editbox
basecolo
ghostbor
field
tgsettin
accounts
socialme
fieldbut
updateac
true
authoriz
false
fa
fa
google
true
screenre
updateac
updateac
googlein
socialme
fieldhel
google
informat
button
google
informat
showsmin
googlehe
screenre
fa
fa
info
circle
field
tgsettin
accounts
socialme
fieldbut
twitter
updateac
authoriz
false
screenre
button
label
fa
fa
twitter
fieldbut
twitter
updateac
updatesm
true
screenre
button
label
fa
fa
twitter
twinfo
socialme
fieldhel
twitter
informat
button
twitter
informat
showsmin
twitterh
screenre
fa
fa
info
circle
field
tgsettin
accounts
socialme
updateac
socialme
radio
fbnewopt
fbnewopt
updateac
fbnewopt
socialme
radio
fbnewopt
fbnewopt
updateac
fbnewopt
updateac
updateac
primaryb
updatesm
false
button
label
button
label
updateac
updateac
updateac
updateac
updateac
fieldbut
facebook
authoriz
false
screenre
button
label
fa
fa
facebook
square
updateac
updateac
updateac
updateac
updateac
updateac
updateac
updateac
updateac
updateac
updateac
updateac
updateac
updateac
fieldbut
facebook
updateac
updatesm
true
screenre
button
label
fa
fa
facebook
square
fbinfo
socialme
fieldhel
facebook
informat
button
facebook
informat
showsmin
facebook
screenre
fa
fa
info
circle
field
tgsettin
accounts
socialme
updateac
updateac
socialme
radio
linewopt
linewopt
updateac
linewopt
liinfo
socialme
fieldhel
linkedin
personal
informat
linkedin
personal
informat
button
showsmin
linkedin
screenre
fa
fa
info
circle
socialme
radio
linewopt
linewopt
updateac
linewopt
liinfo
socialme
fieldhel
linkedin
personal
informat
posting
linkedin
personal
informat
posting
button
showsmin
linkedin
screenre
fa
fa
info
circle
updateac
primaryb
authoriz
true
button
label
updateac
updateac
updateac
updateac
updateac
fieldbut
linkedin
authoriz
false
screenre
button
label
fa
fa
linkedin
square
updateac
updateac
updateac
updateac
updateac
updateac
updateac
updateac
updateac
updateac
updateac
updateac
fieldbut
linkedin
updatesm
true
screenre
button
label
fa
fa
linkedin
square
subgroup
textmess
smsconse
thick
headerte
smsconse
edittext
fa
fa
pencil
reviewed
button
turnonsm
true
edit
text
messagin
screenre
smsconse
textmess
fieldhel
smsconse
smsconse
null
consentm
opensmsc
text
messagin
informat
button
text
messagin
informat
screenre
fa
fa
info
circle
editbox
textmess
basecolo
ghostbor
smsconse
edittext
turnonco
button
submitbu
ladda
button
turnonsm
false
smsconse
edittext
smsform
validate
smsform
turnoffc
button
submitbu
ladda
button
turnoffs
alert
newmsgco
smserror
iconcont
bkgerror
fa
fa
times
circle
msgconta
borderer
invalidf
showinva
underlin
showinva
invalidf
invalidf
msg
smserror
invalidf
underlin
link
scrollto
msg
msg
errorlab
ng
binding
errormsg
field
fieldcon
marginto
fieldnam
required
mobileph
profilef
fieldtex
profile
mbcountr
slt
profile
mbcountr
slt
mobileph
ui
select
profilei
smsconse
profilec
ui
filterab
ui
input
search
ui
complete
combobox
country
list
false
list
return
true
mobileph
profile
mbcountr
slt
input
ui
search
widget
search
smsconse
true
ui
icon
ui
icon
triangle
linkcolo
blankets
event
field
fieldcon
mobileco
fieldnam
required
profilef
cellphon
phonedes
mobileco
lightacc
mobileco
smsconse
profilef
phonenum
text
cellphon
cellphon
smsconse
true
smsconse
null
smsconse
smsvendo
html
smsconse
buttonsf
updatesm
primaryb
ladda
button
submit
submitte
true
button
label
underlin
cancelsm
smsconse
edittext
field
fieldnam
fieldcon
field
fieldnam
fieldcon
smsconse
field
fieldnam
fieldcon
smsconse
smsconse
hidden
msgnomat
matches
found
msgnumbe
please
enter
valid
number
msgrequi
required
msgssn
please
enter
valid
ssn
msgvalid
please
enter
valid
value
msgemail
please
enter
valid
email
address
msgmax
please
enter
value
less
equal
msgmin
please
enter
value
greater
equal
msgerror
please
correct
errors
submitti
form
msgcance
cancel
msgvalid
please
enter
valid
phone
number
msgvalid
please
enter
valid
web
address
msgzip
please
enter
valid
zip
msgother
msgplace
type
answer
msgdater
please
choose
date
mindate
maxdate
msginval
please
enter
valid
zip
msginval
end
year
can
occur
start
year
msgs
msgs
text
resetuse
updateac
backlink
backclic
false
mobileon
showinfu
bshowbac
back
underlin
title
ngdialog
username
tgsettin
ngdialog
username
tgsettin
ngdialog
password
ngdialog
security
ngdialog
delete
updateac
submitup
updateac
updateac
presenta
submitte
alert
setfocus
newmsgco
updateac
iconcont
bkgerror
fa
fa
times
circle
presenta
msgconta
borderer
invalidf
alert
newmsgco
setfocus
updateac
iconcont
bkgerror
fa
fa
times
circle
presenta
msgconta
borderer
invalidf
showinva
underlin
showinva
invalidf
updateac
invalidf
msg
updateac
invalidf
underlin
scrollto
msg
msg
errorlab
errormsg
ngdialog
delete
marginto
reqfield
ngdialog
username
listcont
clear
padbotto
redtext
username
tgsettin
tgsettin
response
setfocus
username
true
textbox
textbox
true
errortex
updateac
error
submitte
text
updateac
username
submitte
regexequ
individu
true
updateac
error
submitte
individu
true
updateac
error
submitte
updateac
error
response
setfocus
username
true
textbox
true
errortex
updateac
error
submitte
text
username
updateac
dynamics
submitte
regexequ
individu
true
updateac
error
submitte
updateac
error
individu
true
updateac
error
submitte
updateac
error
ngdialog
password
listcont
questans
clear
padbotto
bad
updateac
invalid
submitte
padbotto
redtext
lblcurre
true
textbox
lblcurre
password
currentp
currentp
updateac
true
submitte
individu
true
updateac
error
submitte
individu
true
updateac
error
submitte
individu
true
updateac
dynamics
incorrec
padbotto
bad
updateac
invalid
submitte
padbotto
redtext
newpassw
padbotto
password
openpass
fieldhel
tips
setting
password
button
tips
setting
password
fa
fa
info
circle
screenre
newpassw
tgsettin
default
password
password
password
true
textbox
newpassw
password
updateac
submitte
individu
true
updateac
error
submitte
individu
true
updateac
error
submitte
individu
true
updateac
error
submitte
individu
true
updateac
error
submitte
individu
true
updateac
error
submitte
individu
true
updateac
error
submitte
individu
true
updateac
error
submitte
padbotto
instruct
tgsettin
default
screenre
fa
ul
updateac
error
updateac
fa
li
fa
fa
exclamat
triangle
fa
icon
warning
updateac
error
updateac
fa
li
fa
fa
check
circle
fa
icon
green
password
instruct
tgsettin
default
screenre
fa
ul
password
updateac
error
updateac
fa
li
fa
fa
exclamat
triangle
fa
icon
warning
updateac
error
updateac
fa
li
fa
fa
check
circle
fa
icon
green
password
updateac
error
updateac
fa
li
fa
fa
exclamat
triangle
fa
icon
warning
updateac
error
updateac
fa
li
fa
fa
check
circle
fa
icon
green
password
bad
updateac
invalid
submitte
padbotto
redtext
confirmn
confirmn
true
textbox
password
updateac
confirmn
updateac
submitte
individu
true
updateac
error
submitte
ngdialog
security
questans
clear
changese
paddingt
bad
changese
updateac
answer
invalid
updateac
invalid
redtext
optsecur
bad
changese
updateac
invalid
security
true
ui
select
selectse
selectme
change
throttle
optsecur
changese
submitte
name
value
security
index
individu
true
updateac
error
individu
true
updateac
error
changese
paddingt
bad
updateac
answer
invalid
changese
txtsecur
answer
screenre
answer
txtsecur
answer
answer
text
changese
security
answer
regexnoh
individu
true
updateac
answer
error
changese
individu
true
updateac
answer
error
individu
true
updateac
answer
error
changese
paddingt
bad
changese
updateac
answer
invalid
updateac
invalid
redtext
optsecur
bad
changese
updateac
invalid
security
true
ui
select
selectse
selectme
change
throttle
optsecur
changese
submitte
name
value
security
index
individu
true
updateac
error
individu
true
updateac
error
changese
paddingt
bad
updateac
answer
invalid
changese
txtsecur
answer
screenre
answer
txtsecur
answer
answer
text
changese
security
answer
regexnoh
individu
true
updateac
answer
error
changese
individu
true
updateac
answer
error
individu
true
updateac
answer
error
changese
paddingt
bad
changese
updateac
answer
invalid
updateac
invalid
redtext
optsecur
bad
changese
updateac
invalid
security
true
ui
select
selectse
selectme
change
throttle
optsecur
changese
submitte
name
value
security
index
individu
true
updateac
error
individu
true
updateac
error
changese
paddingt
bad
updateac
answer
invalid
changese
txtsecur
answer
screenre
answer
txtsecur
answer
answer
text
changese
security
answer
regexnoh
individu
true
updateac
answer
error
changese
individu
true
updateac
answer
error
individu
true
updateac
answer
error
ngdialog
delete
listcont
clear
buttons
primaryb
submit
submitte
true
button
label
ngdialog
delete
button
label
ngdialog
delete
golink
link
text
smsmessa
dialog
consentp
divspaci
closedia
backlink
xclose
underlin
title
dialogde
tgsettin
tgsettin
null
consentp
html
tgsettin
text
showsmin
dialog
smtoolti
sminfo
divspaci
closedia
backlink
xclose
underlin
title
smpopupi
googlehe
smpopupi
twitterh
smpopupi
facebook
smpopupi
linkedin
smpopupi
linkedin
dialogde
smpopupi
googlehe
sminfo
info
googlehe
smpopupi
twitterh
sminfo
info
twitterh
smpopupi
facebook
sminfo
info
facebook
smpopupi
linkedin
sminfo
info
linkedin
smpopupi
linkedin
sminfo
info
linkedin
text
applicat
applicat
candzone
vexppare
divpaddi
backlink
dashboar
underlin
withdraw
headerst
bluestic
fa
fa
check
presenta
headerst
alert
status
close
close
button
closehea
withdraw
display
block
screenre
ng
binding
reactiva
headerst
bluestic
fa
fa
check
presenta
headerst
alert
status
close
close
button
closehea
reactiva
display
block
screenre
ng
binding
attachfi
headerst
bluestic
fa
fa
check
presenta
headerst
alert
status
close
close
button
closehea
attachfi
display
block
screenre
ng
binding
attachfi
headerst
bluestic
fa
fa
check
presenta
headerst
alert
status
close
close
button
closehea
attachfi
display
block
screenre
ng
binding
newmsgco
fileacti
applieda
alert
setfocus
iconcont
bkgwarni
fa
fa
exclamat
triangle
presenta
msgconta
borderwa
jobalert
close
link
close
button
applieda
false
display
block
screenre
ng
binding
isactive
cpmessag
setfocus
iconcont
fa
fa
check
circle
presenta
alert
msgconta
received
offer
reviewof
opencand
review
offer
status
close
close
notifica
button
closehea
isactive
display
block
screenre
ng
binding
candport
cpmessag
setfocus
fa
fa
check
presenta
alert
status
close
close
response
sent
notifica
button
closehea
complete
screenre
ng
binding
divpaddi
oq
applieda
oq
jobtitle
applicat
root
oq
applieda
null
applieda
applicat
root
applieda
limitto
datepadd
currents
current
status
applieda
fa
fa
minus
circle
fileacti
presenta
applieda
null
job
applieda
datepadd
currents
last
update
divpaddi
appdetai
appdetai
actions
applicat
track
index
applicat
actions
dynamics
reactiva
applieda
submitbu
ladda
button
primaryb
withdraw
applieda
actions
dynamics
reactiva
applieda
submitbu
ladda
button
primaryb
applieda
true
actions
dynamics
viewappl
submitbu
ladda
button
getgqpre
applieda
actions
dynamics
viewjobd
submitbu
ladda
button
showjobd
applieda
actions
dynamics
addfiles
submitbu
ladda
button
addfiles
applieda
actions
dynamics
withdraw
submitbu
withdraw
withdraw
applieda
actions
dynamics
reapply
submitbu
withdraw
reapplyf
applieda
screenre
applicat
ui
select
button
selectbu
selectap
selectme
change
throttle
applicat
editprof
candport
appdetai
status
currentt
appdetai
status
status
appdetai
document
currentt
appdetai
document
document
appdetai
form
currentt
appdetai
form
forms
showinte
appdetai
intervie
currentt
appdetai
intervie
vexppare
ghostbor
applicat
lightacc
candport
appdetai
status
ordersta
row
col
backgrou
basefont
applieda
updatehr
done
applieda
applieda
currenth
applieda
hrcatgry
disabled
applieda
appdetai
applieda
screenre
col
backgrou
basefont
applieda
updatehr
done
applieda
applieda
currenth
applieda
hrcatgry
disabled
applieda
appdetai
applieda
screenre
col
backgrou
basefont
applieda
updatehr
done
applieda
applieda
currenth
applieda
hrcatgry
disabled
applieda
appdetai
applieda
screenre
col
backgrou
basefont
applieda
updatehr
done
applieda
applieda
currenth
applieda
hrcatgry
disabled
applieda
appdetai
applieda
screenre
col
backgrou
basefont
applieda
updatehr
done
applieda
applieda
currenth
applieda
hrcatgry
disabled
applieda
appdetai
applieda
screenre
hrcatgry
hrcatgry
ghostbor
category
applieda
track
index
divpaddi
hrcatgry
index
category
screenre
yet
reached
step
cathead
category
category
category
hrcatgry
root
category
appdetai
document
candport
title
document
candport
message
document
time
cardlist
jobcard
basecolo
ghostbor
doc
candport
doc
doc
review
offer
doc
view
foregrou
actionre
action
required
doctitle
doctitle
opencand
doc
doc
doctitle
doctitle
opencand
doc
doc
date
added
doc
expires
cardfoot
leftbutt
doc
opencand
doc
fa
fa
eye
true
view
opencand
doc
doc
doc
fa
fa
eye
doc
fa
pencil
square
doc
true
review
offer
doc
opencand
doc
fa
fa
eye
true
view
packet
appdetai
form
candport
title
forms
candport
message
forms
time
cardlist
jobcard
basecolo
ghostbor
doc
candport
doctitle
doctitle
opencand
doc
date
added
doc
expires
cardfoot
leftbutt
opencand
doc
doc
complete
fa
fa
pencil
square
true
complete
doc
view
fa
fa
eye
true
view
appdetai
intervie
intervie
cardlist
jobcard
intervie
basecolo
ghostbor
intervie
intervie
foregrou
actionre
intervie
intervie
getinter
intervie
cardfoot
intervie
jobappli
text
applicat
candzone
title
screenre
jobdesct
closedia
backlink
xclose
underlin
oq
applieda
oq
jobtitle
heading
applicat
wraptitl
html
oq
applieda
null
applieda
link
applicat
root
applieda
limitto
marginto
jobdescr
applieda
null
applieda
html
applieda
jobappli
text
applicat
applyflo
divpaddi
backlink
dashboar
underlin
applicat
candport
text
applicat
candzone
divpaddi
backlink
closecan
false
underlin
divpaddi
candport
candport
text
applicat
candzone
divpaddi
backlink
closepac
underlin
candport
cpmessag
fa
fa
check
presenta
alert
status
close
close
button
closehea
complete
screenre
ng
binding
document
title
marginto
packetme
packetme
null
packetme
html
packetme
candport
jobcard
basecolo
ghostbor
doc
candport
doc
foregrou
actionre
action
required
doctitle
doctitle
opencand
doc
doc
doctitle
doctitle
opencand
doc
doc
date
added
doc
expires
cardfoot
leftbutt
doc
opencand
doc
fa
fa
eye
true
view
opencand
doc
doc
fa
fa
eye
doc
fa
pencil
square
doc
true
review
offer
text
sendtofr
updateac
backlink
backclic
false
mobileon
showinfu
bshowbac
back
underlin
titletex
title
oq
sendtofr
oq
jobtitle
jobname
title
root
oq
showmore
sendtofr
oq
sendtofr
oq
jobtitle
jobname
root
oq
showmore
sendtofr
sendtofr
underlin
showmore
sendtofr
sendtofr
underlin
sendtofr
formbegi
submitse
sendtofr
sendtofr
presenta
submitte
alert
newmsgco
setfocus
sendtofr
iconcont
bkgerror
fa
fa
times
circle
msgconta
borderer
invalidf
sendtofr
alert
newmsgco
sendtofr
iconcont
bkgerror
fa
fa
times
circle
msgconta
borderer
invalidf
sendtofr
showinva
underlin
showinva
invalidf
sendtofr
invalidf
msg
sendtofr
underlin
scrollto
msg
msg
errormsg
titletex
marginto
tgsettin
ngdialog
delete
redtext
listcont
questans
clear
bad
sendtofr
invalid
submitte
padbotto
redtext
email
marginto
email
true
textbox
email
email
sendtofr
submitte
regexuse
individu
true
sendtofr
error
submitte
sendtofr
error
submitte
bad
sendtofr
invalid
submitte
padbotto
redtext
yourname
marginto
yourname
true
textbox
text
yourname
sendtofr
submitte
regexnam
individu
true
sendtofr
error
submitte
sendtofr
error
submitte
bad
sendtofr
invalid
submitte
fieldpad
redtext
youremai
marginto
youremai
true
textbox
email
youremai
sendtofr
submitte
regexuse
individu
true
sendtofr
error
submitte
sendtofr
error
submitte
primaryb
submit
submitte
true
button
label
golink
link
dialog
close
close
button
closedia
screenre
ng
binding
text
responsi
assessme
vexppare
bcanzone
bstandal
link
customsp
togglesp
screenre
divpaddi
bstandal
backlink
dashboar
underlin
divpaddi
title
assessme
showasse
currenta
alert
assessme
fa
fa
check
circle
presenta
assessme
assessme
checkbox
dontshow
dontshow
closeass
true
dontshow
dontshow
status
close
close
button
closeass
false
display
block
screenre
ng
binding
assesmen
lightacc
vexpdiv
ghostbor
newmsgco
expireda
bshowexp
alert
setfocus
iconcont
bkgwarni
fa
fa
exclamat
triangle
presenta
msgconta
borderwa
assessme
expireda
expireda
expireda
assessme
expireda
track
index
expireda
close
close
button
bshowexp
bshowexp
display
block
screenre
ng
binding
assessme
pendinga
jobcard
basecolo
ghostbor
pendinga
assessme
wraptitl
root
assessme
showfull
wrapgrou
root
assessme
showmore
showfull
assessme
showfull
true
aligncar
assesmen
jobcard
showfull
assesreq
root
assessme
showfull
showfull
false
aligncar
assesmen
jobcard
datepadd
assessme
days
hours
assessme
currents
cardfoot
cardfoot
assessme
assessme
openclos
assessme
fa
fa
play
circle
assessme
true
fa
fa
repeat
assessme
true
pendinga
pendinga
null
bcanzone
emptymes
text
messaget
candzone
region
back
link
divpaddi
backlink
dashboar
underlin
communic
vexppare
region
message
archive
heading
lightacc
vexpdiv
ghostbor
subviewi
communic
emptyarc
cardlist
jobcard
basecolo
ghostbor
comm
communic
right
triangle
ng
scope
comm
comm
right
triangle
text
foregrou
fa
fa
envelope
presenta
unread
message
true
screenre
field
subject
wraptitl
field
comm
subject
comm
comm
viewcomm
comm
comm
fieldlab
comm
field
oq
comm
oq
tgsettin
yes
fieldlab
field
cardfoot
status
comm
comm
comm
comm
updateco
comm
archive
status
comm
comm
comm
comm
updateco
comm
archive
delete
deleteco
comm
fa
fa
trash
true
footer
primaryb
button
commhist
communic
commhist
button
label
text
communic
communic
communic
region
communic
detail
mobileon
showinfu
bshowbac
backlink
backclic
false
back
underlin
msgstatu
ngdialog
messaged
fa
fa
check
circle
true
message
archived
status
close
close
button
hidemess
screenre
ng
binding
msgunrea
callout
messaged
messaged
unread
field
subject
emptysub
ngdialog
commsubj
title
screenre
commtitl
opac
ngdialog
field
oq
ngdialog
oq
tgsettin
yes
fieldlab
field
message
html
ngdialog
footer
primaryb
button
messaged
updateco
ngdialog
messaged
detail
button
label
primaryb
btn
unread
button
messaged
messaged
updateco
ngdialog
messaged
detail
button
label
primaryb
btn
read
button
messaged
messaged
updateco
ngdialog
messaged
detail
button
label
golink
link
ngdialog
deleteco
ngdialog
text
deleteco
deleteco
region
delete
message
paddingb
mobileon
showinfu
bshowbac
backlink
paddingb
closethi
back
underlin
title
deleteco
message
primaryb
button
updateco
ngdialog
delete
button
label
golink
link
closethi
text
notifica
notifica
notifica
basecolo
region
messages
notifica
region
back
link
divpaddi
backlink
underlin
notifica
heading
tgsettin
false
tgsettin
yes
heading
tgsettin
true
tgsettin
yes
heading
tgsettin
true
tgsettin
notifica
notifica
notifica
currentt
notifica
notifica
notifica
null
tgsettin
true
newcommu
fa
fa
circle
true
newnotif
notifica
message
currentt
notifica
message
tgsettin
yes
newcommu
fa
fa
circle
true
newmessa
subgroup
ghostbor
lightacc
communic
notifica
notifica
basecolo
emptymes
notifica
dismissa
notifica
dismissa
underlin
dismissa
jobcard
basecolo
messages
comm
notifica
field
subject
notifica
field
fieldlab
comm
field
comm
oq
comm
oq
field
comm
comm
cardfoot
status
msg
comm
underlin
actionfr
comm
comm
comm
fa
fa
repeat
true
delete
msg
comm
underlin
updateco
comm
bell
comm
fa
fa
ban
true
subgroup
ghostbor
lightacc
communic
notifica
message
basecolo
emptymes
messages
messagea
viewmess
basecolo
archivea
messages
archivea
underlin
archivea
jobcard
basecolo
messages
comm
messages
right
triangle
ng
scope
comm
right
triangle
text
foregrou
fa
fa
envelope
presenta
field
subject
wraptitl
field
underlin
comm
viewcomm
comm
comm
fieldlab
comm
field
oq
comm
oq
tgsettin
yes
fieldlab
field
cardfoot
status
comm
msg
comm
underlin
updateco
comm
bell
comm
status
comm
msg
comm
underlin
updateco
comm
bell
comm
delete
underlin
updateco
comm
comm
bell
comm
fa
fa
folder
true
text
referral
referral
vexppare
bcanzone
link
customsp
togglesp
screenre
divpaddi
bstandal
backlink
dashboar
underlin
divpaddi
title
referral
lightacc
vexpdiv
ghostbor
referral
isvalido
newmsgco
expiredr
bshowact
alert
iconcont
bkgwarni
fa
fa
exclamat
triangle
presenta
msgconta
borderwa
expiredr
expiredr
expiredr
expiredr
expireda
limitto
expactiv
track
index
expiredr
expiredr
null
expiredr
undefine
expiredr
expiredr
root
expiredr
applied
expiredr
expiredr
expiredr
null
expiredr
undefine
expiredr
expiredr
general
referral
applied
expiredr
expiredr
underlin
expactiv
expireda
exprefqu
expireda
true
expiredr
underlin
expactiv
expireda
expireda
exprefqu
true
expireda
close
close
button
bshowact
bshowact
screenre
ng
binding
newmsgco
expiredr
bshowexp
alert
iconcont
bkgwarni
fa
fa
exclamat
triangle
presenta
msgconta
borderwa
expiredr
expiredr
expiredr
expiredr
expiredr
limitto
exprefqu
track
index
expiredr
expiredr
null
expiredr
undefine
expiredr
root
expiredr
expiredr
sent
expiredr
expiredr
expiredr
null
expiredr
undefine
expiredr
expiredr
underlin
exprefqu
expiredr
exprefqu
expiredr
false
expiredr
underlin
exprefqu
expiredr
expiredr
exprefqu
false
expireda
close
close
button
bshowexp
bshowexp
screenre
ng
binding
referral
collapse
activere
activere
tabcount
fa
link
fa
chevron
activere
fa
chevron
activere
activere
activere
jobcards
referral
undefine
referral
referral
referral
jobcard
basecolo
ghostbor
wraptitl
multilin
root
referral
referral
referral
autoreq
referral
referral
reftitle
root
referral
reqfield
referral
root
reqfield
referral
referral
emptyact
referral
undefine
referral
emptymes
referral
collapse
sentrefe
sentrefe
tabcount
fa
link
fa
chevron
sentrefe
fa
chevron
sentrefe
sentrefe
sentrefe
jobcards
referral
undefine
referral
referral
referral
jobcard
basecolo
ghostbor
wraptitl
multilin
root
referral
null
referral
undefine
referral
referral
general
referral
autoreq
referral
reqfield
referral
root
reqfield
refdate
emptysen
referral
undefine
referral
emptymes
referral
lightacc
vexpdiv
ghostbor
referral
isvalido
referral
bcanzone
referral
bcanzone
underlin
launchse
text
referral
referral
divpaddi
backlink
referral
underlin
divpaddi
alert
newmsgco
errorcon
socialre
socialre
dynamics
iconcont
bkgerror
fa
fa
times
circle
msgconta
borderer
invalidf
showinva
underlin
socialre
invalidf
invalidf
msgs
socialre
invalidf
underlin
link
socialre
msgs
msgs
errorlab
ng
binding
errormsg
ng
binding
newmsgco
errorcon
ng
scope
socialre
socialre
dynamics
alert
iconcont
bkgerror
fa
fa
times
circle
msgconta
borderer
invalidf
socialre
divpaddi
required
required
referral
referral
subsecti
lightacc
socialre
socialre
basecolo
refquest
socialre
track
index
refquest
containe
refquest
hiddenqb
refquest
notvisib
refquest
fieldcon
div
index
text
refquest
required
fieldnam
refquest
refquest
refquest
refquest
refquest
fieldhel
button
tips
refquest
popupinf
refquest
fa
fa
info
circle
screenre
popupinf
refquest
popover
popinfo
tooltipt
refquest
inputwra
profilef
refquest
refquest
refquest
refquest
refquest
refquest
refquest
refquest
refquest
referral
refquest
errormes
evaluate
refquest
refdetai
evaluate
refquest
error
evaluate
refquest
error
fieldcon
div
index
email
refquest
required
fieldnam
refquest
refquest
refquest
refquest
refquest
fieldhel
button
tips
refquest
popupinf
refquest
fa
fa
info
circle
screenre
popupinf
refquest
popover
popinfo
tooltipt
refquest
inputwra
profilef
refquest
refquest
refquest
refquest
refquest
refquest
refquest
referral
refquest
errormes
evaluate
refquest
refdetai
evaluate
refquest
error
evaluate
refquest
error
evaluate
refquest
error
fieldcon
div
index
single
select
refquest
required
fieldnam
refquest
refquest
refquest
refquest
fieldnam
refquest
auto
refquest
slt
refquest
refquest
refquest
fieldhel
button
tips
refquest
popupinf
refquest
fa
fa
info
circle
screenre
popupinf
refquest
popover
popinfo
tooltipt
refquest
inputwra
refquest
ui
select
button
fieldnam
refquest
choose
refquest
selectme
referral
refquest
refquest
refquest
refquest
option
option
refquest
option
inputwra
refquest
autocomp
refquest
hidden
refquest
autocomp
refquest
ui
select
button
fieldnam
refquest
type
answer
refquest
referral
refquest
refquest
refquest
true
option
option
refquest
option
ui
filterab
ui
input
search
ui
complete
combobox
refquest
false
list
auto
refquest
slt
ui
search
widget
search
refquest
choose
refquest
ui
icon
ui
icon
triangle
linkcolo
blankets
event
errormes
evaluate
refquest
error
refdetai
fieldcon
div
index
multi
select
refquest
required
refquest
refquest
label
fieldnam
refquest
refquest
refquest
fieldnam
refquest
auto
refquest
mslt
refquest
refquest
refquest
fieldhel
button
tips
refquest
popupinf
refquest
fa
fa
info
circle
screenre
popupinf
refquest
popover
popinfo
tooltipt
refquest
inputwra
refquest
choose
refquest
label
multiple
refquest
refquest
referral
refquest
refquest
refquest
ui
select
multisel
option
option
refquest
option
inputwra
refquest
autocomp
refquest
hidden
refquest
autocomp
refquest
type
answer
multiple
refquest
refquest
referral
refquest
refquest
refquest
ui
select
multisel
true
option
option
refquest
option
ui
filterab
ui
input
search
ui
complete
refquest
false
combobox
refquest
list
auto
refquest
mslt
ui
search
widget
search
choose
ui
icon
ui
icon
triangle
linkcolo
blankets
event
errormes
evaluate
refquest
error
refdetai
fieldcon
div
index
checkbox
refquest
required
fieldnam
refquest
refquest
refquest
refquest
fieldhel
button
tips
refquest
popupinf
refquest
fa
fa
info
circle
screenre
popupinf
refquest
popover
popinfo
tooltipt
refquest
inputwra
ui
controlg
ui
controlg
vertical
ui
corner
cr
listview
screenre
refquest
ui
controlg
controls
ui
checkbox
option
refquest
track
index
refquest
refquest
option
option
referral
refquest
refquest
chk
index
option
refquest
refquest
chk
index
ui
btn
errormes
refquest
refquest
refdetai
fieldcon
div
index
radio
refquest
required
fieldnam
refquest
refquest
refquest
refquest
fieldhel
button
tips
refquest
popupinf
refquest
fa
fa
info
circle
screenre
popupinf
refquest
popover
popinfo
tooltipt
refquest
inputwra
ui
controlg
ui
controlg
vertical
ui
corner
cr
listview
screenre
refquest
ui
controlg
controls
ui
radio
option
refquest
refquest
refquest
refquest
rbt
index
refquest
option
referral
refquest
option
refquest
refquest
rbt
index
ui
btn
errormes
refquest
refquest
refdetai
fieldcon
div
index
textarea
refquest
required
profilef
refquest
refquest
refquest
refquest
refquest
fieldhel
button
tips
refquest
popupinf
refquest
fa
fa
info
circle
screenre
popupinf
refquest
popover
popinfo
tooltipt
refquest
inputwra
profilef
refquest
refquest
refquest
refquest
refquest
refquest
refquest
refquest
refquest
referral
refquest
errormes
evaluate
refquest
refdetai
evaluate
refquest
error
evaluate
refquest
error
fieldcon
div
index
ssn
refquest
required
profilef
refquest
refquest
refquest
refquest
refquest
fieldhel
button
tips
refquest
popupinf
refquest
fa
fa
info
circle
screenre
popupinf
refquest
popover
popinfo
tooltipt
refquest
inputwra
profilef
refquest
password
text
new
password
refquest
refquest
refquest
refquest
refquest
refquest
referral
refquest
ssn
helperte
ssn
helperte
errormes
evaluate
refquest
refdetai
evaluate
refquest
error
evaluate
refquest
error
fieldcon
div
index
confirm
ssn
refquest
required
profilef
refquest
refquest
refquest
refquest
refquest
fieldhel
button
tips
refquest
popupinf
refquest
fa
fa
info
circle
screenre
popupinf
refquest
popover
popinfo
tooltipt
refquest
inputwra
profilef
refquest
password
text
new
password
refquest
refquest
refquest
refquest
refquest
refquest
referral
refquest
ssnconfi
helperte
ssnconfi
helperte
errormes
evaluate
refquest
refdetai
evaluate
refquest
error
evaluate
refquest
error
evaluate
refquest
error
fieldcon
div
index
date
refquest
required
profilef
refquest
refquest
refquest
refquest
refquest
fieldhel
button
tips
refquest
popupinf
refquest
fa
fa
info
circle
screenre
popupinf
refquest
popover
popinfo
tooltipt
refquest
inputwra
nomargin
screenre
refquest
date
refquest
refquest
refquest
refquest
refquest
refquest
required
true
refquest
errormes
evaluate
refquest
refdetai
evaluate
refquest
error
evaluate
refquest
error
evaluate
refquest
error
fieldcon
div
index
confirm
date
refquest
required
profilef
refquest
refquest
refquest
refquest
refquest
fieldhel
button
tips
refquest
popupinf
refquest
fa
fa
info
circle
screenre
popupinf
refquest
popover
popinfo
tooltipt
refquest
inputwra
nomargin
screenre
refquest
date
refquest
refquest
refquest
refquest
refquest
refquest
required
true
refquest
errormes
evaluate
refquest
refdetai
evaluate
refquest
error
evaluate
refquest
error
evaluate
refquest
error
evaluate
refquest
error
fieldcon
div
index
numeric
refquest
required
fieldnam
refquest
refquest
refquest
refquest
refquest
fieldhel
button
tips
refquest
popupinf
refquest
fa
fa
info
circle
screenre
popupinf
refquest
popover
popinfo
tooltipt
refquest
inputwra
profilef
number
refquest
refquest
refquest
refquest
refquest
refquest
refquest
refquest
referral
refquest
errormes
evaluate
refquest
refdetai
evaluate
refquest
error
evaluate
refquest
error
evaluate
refquest
error
evaluate
refquest
error
fieldcon
div
index
grid
refquest
required
fieldnam
refquest
refquest
refquest
refquest
fieldhel
button
tips
refquest
popupinf
refquest
fa
fa
info
circle
screenre
popupinf
refquest
popover
popinfo
tooltipt
refquest
inputwra
gridfiel
constref
refquest
screenre
refquest
row
refquest
gridclic
togglero
event
refquest
row
refquest
font
weight
bold
gridrow
lblview
row
float
right
font
weight
bold
font
size
px
fa
fa
angle
linkcolo
gridcolu
row
refquest
innergri
display
none
column
refquest
refquest
chk
row
column
checkbox
refquest
row
column
refquest
refquest
chk
row
column
column
display
block
width
lblview
checkedb
row
refquest
errormes
refquest
refquest
refdetai
fieldcon
div
index
label
fieldnam
refquest
fieldcon
div
index
auto
fill
refquest
required
profilef
refquest
refquest
refquest
inputwra
profilef
text
refquest
refquest
refquest
refquest
refquest
refquest
referral
refquest
errormes
evaluate
refquest
refdetai
evaluate
refquest
error
evaluate
refquest
error
divpaddi
submit
primaryb
submitbu
ladda
button
saverefe
button
label
underlin
referral
text
applicat
applicat
candzone
divpaddi
backlink
dashboar
underlin
applicat
header
message
message
cat
attachme
message
message
attachme
pendding
instruct
lbl
attachem
ui
select
attachem
selectme
change
appscope
attachem
categori
lbl
attachem
attachme
option
attachme
option
option
pendinga
pendding
cat
attachme
category
getpendd
cat
category
attachme
file
getpendd
cat
file
wraptitl
removepe
file
fa
fa
times
true
screenre
ng
binding
primaryb
pendding
attachfi
button
label
underlin
link
dashboar
text
sorry
nplease
access
site
without
private
browsing
br
div
class
role
aria
label
notifica
sjobs
skip
first
action
element
main
content
loading
account
successf
deleted
close
sorry
link
longer
valid
close
session
expired
due
inactivi
close
session
expired
notifica
message
deleted
close
job
emailed
job
s
emailed
send
email
working
please
try
close
bellnumb
notifica
messages
class
screenre
bellnumb
new
notifica
messages
welcomet
firstnam
profiled
null
lastname
profiled
null
nonlogge
welcome
jobshead
filterap
ng
attr
aria
hidden
jobscoun
filterap
ng
click
handlers
dynamics
clearall
job
search
facet
close
back
oactivef
job
search
dynamics
clearall
close
refinere
account
yet
ng
click
searchre
class
searchpa
backlink
class
underlin
back
save
search
jobscoun
refinere
jobscoun
ng
include
facettem
tgsettin
class
listcont
mainlist
ng
class
powersea
bpowerse
desktopo
bhidemai
job
s
saved
close
search
saved
close
jobshead
jobshead
jobshead
style
padding
bottom
px
display
inline
block
padding
left
px
filtersa
facet
op
class
sort
tgsettin
ng
class
shortcut
showshor
shortcut
selectio
please
press
esc
key
order
apply
take
actions
loading
bjobsloa
role
list
aria
label
job
list
oq
featured
job
featured
job
referral
referral
tgsettin
fixed
position
hack
confirm
nav
config
mode
role
navigati
aria
label
actions
text
facettem
facet
facets
facet
clearfix
facet
facet
optionsv
facet
legendwi
screenre
facet
filterre
handlers
event
facet
filterre
liner
borderin
basecolo
facet
optionli
op
facet
limitto
checkbox
id
op
filterjo
id
text
searchbo
searchbo
responsi
lightacc
searchbo
jobscoun
search
search
jobs
tmpindex
bsidebar
bjobdeta
searchco
keywords
location
screenre
status
assertiv
buttonse
tmpindex
primaryb
ladda
button
searchma
buttonse
tmpindex
powersea
hideadva
underlin
hideadva
getpower
uparrowh
arrow
uparrow
uparrowh
screenre
clear
text
savesear
savesear
savesear
savesear
divspaci
closedia
backlink
xclose
back
underlin
savesear
title
savesear
alert
newmsgco
setfocus
alert
focus
alertbox
mobilevi
blocklev
savesear
savesear
valid
savesear
savesear
null
savesear
savesear
error
savesear
savesear
savesear
iconcont
bkgerror
fa
fa
times
circle
msgconta
borderer
invalidf
showinva
underlin
savesear
error
focusat
searchna
showinva
underlin
savesear
error
savesear
savesear
error
savesear
savesear
null
typeof
savesear
undefine
focusat
savesear
invalidf
invalidf
savesear
savesear
savesear
error
errmsgde
underlin
savesear
error
focusat
searchna
errmsgde
savesear
error
savesear
savesear
invalidf
savesear
savesear
error
savesear
error
savesear
savesear
null
typeof
savesear
undefine
errmsgde
underlin
focusat
savesear
errmsgde
savesear
savesear
error
errmsgde
savesear
savesear
error
savesear
savesear
null
typeof
savesear
undefine
alert
errorsum
savesear
savesear
labelval
blocklev
required
required
savesear
required
savesear
searchna
savesear
alert
savesear
savesear
error
savesear
savesear
isexisti
isexisti
searchna
searchna
control
text
labelval
blocklev
savesear
savesear
error
labelval
blocklev
savedsea
savesear
error
savesear
savesear
alert
fa
fa
exclamat
triangle
presenta
savedsea
savesear
savesear
ui
controlg
controls
savesear
ui
radio
savedsea
updatene
savesear
savesear
control
radio
updatene
ui
btn
ui
corner
ui
btn
inherit
ui
btn
icon
left
cr
ui
radio
savedsea
updateda
savesear
savesear
control
radio
updateda
ui
btn
ui
corner
ui
btn
inherit
ui
btn
icon
left
cr
ui
radio
savedsea
updatewe
savesear
savesear
control
radio
updatewe
ui
btn
ui
corner
ui
btn
inherit
ui
btn
icon
left
cr
ui
radio
savedsea
updatebi
savesear
savesear
control
radio
updatebi
ui
btn
ui
corner
ui
btn
inherit
ui
btn
icon
left
cr
ui
radio
savedsea
updatemo
savesear
savesear
control
radio
updatemo
ui
btn
ui
corner
ui
btn
inherit
ui
btn
icon
left
cr
savesear
required
savesear
savesear
savesear
savesear
alert
savesear
savesear
savesear
error
savesear
savesear
null
typeof
savesear
undefine
savesear
savesear
savesear
savesear
control
text
regexuse
savesear
emailadd
savesear
labelval
blocklev
savesear
savesear
savesear
error
labelval
blocklev
savesear
savesear
savesear
error
savesear
savesear
null
typeof
savesear
undefine
buttonco
primaryb
ladda
button
submit
savesear
underlin
link
closedia
back
applicat
limit
reached
limitexc
close
already
applied
job
check
applicat
status
check
applicat
close
job
saved
close
featured
job
featured
job
referral
referral
job
posting
looking
expired
position
already
filled
interest
one
opportun
please
visit
career
site
response
response
back
sorry
allow
one
applicat
job
already
applied
errormes
applicat
limit
reached
limitexc
errormes
scroll
top
smnewacc
text
closedia
backlink
xclose
paddingb
underlin
font
weight
bold
title
marginbo
dialogde
paddingt
primaryb
ladda
button
newaccnt
googlelo
text
nothanks
backlink
xclose
paddingb
underlin
dialog
close
close
button
nothanks
screenre
ng
binding
font
weight
bold
title
marginbo
googlelo
dialogde
marginbo
primaryb
googlelo
underlin
link
nothanks
redirect
text
font
weight
bold
title
marginbo
creatano
text
font
weight
bold
title
marginbo
buttonco
primaryb
ladda
button
closedia
shorcuts
text
closedia
backlink
xclose
paddingb
underlin
dialog
close
close
button
closedia
screenre
ng
binding
font
weight
bold
title
marginbo
dialogde
alert
text
inactivi
resetina
resetina
backlink
xclose
paddingb
underlin
dialog
close
resetina
close
button
resetina
screenre
ng
binding
title
screenre
newmsgco
iconcont
bkgwarni
fa
fa
exclamat
triangle
presenta
msgconta
borderwa
fieldsme
inactivi
true
inactivi
dialogde
fieldsme
modal
body
true
countdow
buttonco
primaryb
ladda
button
isnonpro
anonymou
bypassgq
resetina
resetina
primaryb
ladda
button
isnonpro
anonymou
bypassgq
resetina
resetina
text
multiple
multiple
dialogwi
closedia
backlink
xclose
paddingb
underlin
dialog
close
close
button
closedia
screenre
ng
binding
errorhea
title
marginbo
multiple
maxconsu
dialogde
marginbo
buttonco
primaryb
ladda
button
closedia
reapplyj
alljobsa
dialogde
marginbo
jobfield
jobtitle
workflow
apply
buttonco
primaryb
ladda
button
alljobsa
isnonpro
anonymou
bypassgq
viewhrst
brespons
brespons
underlin
link
closedia
workflow
apply
buttonco
primaryb
ladda
button
closedia
reapplyj
noofjobs
alljobsa
dialogde
marginbo
jobfield
jobtitle
dupapply
item
multiple
jobtitle
index
multiple
index
multiple
buttonco
workflow
apply
dialogca
apply
primaryb
ladda
button
alljobsa
applydif
removedu
primaryb
ladda
button
alljobsa
applydif
posttone
event
apply
underlin
link
closedia
buttonco
workflow
apply
dialogca
apply
primaryb
ladda
button
alljobsa
applydif
removedu
primaryb
ladda
button
alljobsa
applydif
unfinish
underlin
link
closedia
workflow
apply
buttonco
primaryb
ladda
button
closedia
reapplyj
applydif
alljobsa
noofjobs
alert
dialogde
marginbo
jobfield
jobfield
noofjobs
buttonco
primaryb
ladda
button
closedia
text
standalo
setfocus
title
marginbo
dialogde
text
standalo
setfocus
title
marginbo
dialogde
text
jobsexpi
dialogde
thick
marginbo
alljobse
true
marginbo
alljobse
true
marginbo
job
expiredj
marginbo
primaryb
ladda
button
alljobse
true
closedia
primaryb
ladda
button
alljobse
true
closedia
text
duplicat
divspaci
closedia
backlink
xclose
underlin
marginbo
title
dialogde
marginbo
buttonco
primaryb
ladda
button
closedia
underlin
link
standalo
true
text
branding
bconfigm
toolbar
config
instruct
right
click
instruct
toolbart
buttonco
control
config
control
control
control
disabled
control
config
event
ladda
label
control
screenre
text
branding
ngdialog
close
title
theme
buttonco
button
theme
button
label
text
menuinne
slidedow
menuitem
heading
oitem
oroot
event
oitem
oparent
oitem
swatch
swatch
dark
oitem
selected
config
backgrou
oitem
textbox
inputwra
selected
config
text
oitem
oroot
colortex
inputwra
selected
oitem
text
control
oitem
less
less
oroot
imagetex
inputwra
selected
config
text
oitem
oroot
helptext
inputwra
helptext
helptext
menuitem
selected
config
hassubme
oitem
theme
oparent
oitem
menu
menuinne
oparent
oitem
oroot
text
menutemp
omenu
omenu
menu
menuinne
region
context
menu
text
nulltemp
text
autocomp
controlw
autocomp
oconfig
oconfig
oconfig
labeltex
controll
oconfig
qid
control
role
text
oconfig
oconfig
oinput
autocomp
oconfig
oinput
clearbut
true
clearinp
event
text
datetemp
controlw
datewrap
controll
screenre
id
placehol
text
inputnam
id
control
datestri
inputcla
text
oinput
oconfig
datepick
oconfig
id
placehol
text
id
oinput
clearbut
true
clearinp
event
text
refdatet
controlw
datewrap
controll
screenre
id
placehol
text
inputnam
id
control
datestri
inputcla
text
oinput
oconfig
datepick
oconfig
required
id
placehol
text
id
oinput
clearbut
true
clearinp
event
text
daterang
dateline
datelabe
sidstem
fromlabe
daterang
date
true
sidstem
fromlabe
dateline
datelabe
sidstem
tolabel
daterang
date
true
sidstem
tolabel
text
collapsi
collapsi
assertiv
collapsi
display
none
less
leading
less
trailing
text
moreless
moreless
sclass
linkwrap
moreless
sstyle
expandco
event
screenre
text
counteri
inputwra
inputcla
javascri
counter
minus
minus
screenre
fa
fa
minus
circle
true
id
labeltex
id
text
counter
field
value
attribut
changed
readonly
required
javascri
counter
plus
plus
screenre
fa
fa
plus
circle
true
text
pagehead
pagehead
banner
page
header
pagehead
clearfix
threelin
basefont
bphonevi
handlers
mobilesc
bshowbac
response
tgsettin
never
tabletal
tgsettin
true
expand
header
links
fa
fa
bars
descr
primaryh
tgsettin
theme
secondar
rightico
bellicon
panelsho
communic
bloggedi
brespons
tgsettin
true
isnonpro
anonymou
bypassgq
standalo
toggleno
bellnoti
fa
stack
fa
fa
bell
fa
stack
numberci
bellnumb
number
bellnoti
bellnumb
screenre
bellnoti
bellnumb
screenre
headerli
bstandal
linkcont
backgrou
linkpadd
headerli
tabletal
tgsettin
true
menu
header
links
backlink
bphonevi
handlers
menuitem
headerli
homeview
handlers
tgsettin
bshowbac
standalo
bphonevi
underlin
menuitem
headerli
link
response
link
tgsettin
never
mobileon
tgsettin
mobile
underlin
menuitem
signinli
headerli
homeonly
bphonevi
showmobi
bloggedi
bshowbac
tgsettin
isnonpro
standalo
showinfu
underlin
menuitem
headerli
homeonly
bloggedi
bshowbac
brespons
isnonpro
anonymou
bypassgq
standalo
bphonevi
candidat
underlin
menuitem
responsi
tgsettin
true
bcandida
headerli
homeonly
iaminsid
bloggedi
bshowbac
brespons
isnonpro
anonymou
bypassgq
standalo
responsi
underlin
iaminsid
fa
fa
chevron
linkcolo
iaminsid
true
responsi
iaminsid
bcandida
responsi
menu
responsi
menuitem
link
candidat
submenu
headerli
bphonevi
responsi
link
event
underlin
menuitem
headerli
homeonly
bloggedi
bshowbac
bfromtal
isnonpro
anonymou
bypassgq
bphonevi
bcandida
responsi
logoutca
underlin
text
pagefoot
contenti
page
footer
themed
pagefoot
response
tglocale
responsi
locale
site
fa
fa
globe
urllink
showloca
thisloca
footerli
responsi
fullfoot
response
footerli
responsi
link
footerli
link
link
urllink
link
link
null
link
text
localest
gtglocal
gtglocal
setfocus
closedia
backlink
xclose
paddingb
underlin
title
thick
gtglocal
locale
response
localeli
locale
response
urllink
switchsi
locale
link
text
leaveapp
leavingw
closedia
backlink
xclose
paddingb
underlin
title
bsavedra
bsavedra
dialogde
leavesav
message
bsavedra
areyousu
question
buttons
primaryb
button
label
golink
link
button
label
text
switchsi
switchsi
closedia
backlink
xclose
paddingb
underlin
dialogde
checkbox
confirmv
buttons
primaryb
button
label
text
jobsinsa
jobsinsa
closedia
backlink
xclose
paddingb
underlin
dialogde
buttons
primaryb
button
label
golink
link
button
label
text
