list
programm
language
wikipedi
client
js
wgcanoni
wgcanoni
wgnamesp
wgpagena
list
programm
language
wgtitle
list
programm
language
wgcurrev
wgrevisi
wgarticl
wgisarti
wgisredi
wgaction
view
wguserna
wgusergr
wgcatego
articles
short
descript
lists
programm
language
computer
programm
wgbreakf
wgpageco
en
wgpageco
wikitext
wgsepara
wgdigitt
wgdefaul
dmy
wgmonthn
january
february
march
april
may
june
july
august
septembe
october
november
december
wgmonthn
jan
feb
mar
apr
may
jun
jul
aug
sep
oct
nov
dec
wgreleva
list
programm
language
wgreleva
wgreques
xtoqzapa
wgcspnon
wgisprob
wgreleva
wgrestri
wgrestri
wgmediav
wgmediav
wgpopups
wgpopups
wgvisual
pagelang
en
pagelang
ltr
pagevari
en
wgmfdisp
search
nearby
watchlis
tagline
wgwmesch
wgpowere
wgulscur
english
wgnotice
wikipedi
wgwikiba
wgcentra
wgeditsu
ext
styles
ready
ext
ready
ext
ready
site
ready
noscript
ready
user
ready
ext
ready
ext
ready
user
ready
user
ready
user
loading
mediawik
ready
mediawik
ready
wikibase
ready
ext
ready
ext
ready
ext
ready
ext
ready
mediawik
ready
skins
ready
site
mediawik
mediawik
mediawik
ext
ext
ext
notice
ext
wizard
ext
ext
ext
toolbar
buttons
ext
ext
mmv
mmv
ext
ext
ext
ext
ext
ext
ext
ext
ext
ext
ext
skins
user
tffind
edittoke
patrolto
watchtok
csrftoke
mediawik
wmf
origin
origin
crossori
origin
cross
origin
edit
page
edit
page
wikipedi
en
list
programm
language
wikipedi
free
encyclop
jump
navigati
jump
search
wikimedi
list
article
lists
programm
language
programm
language
lists
alphabet
list
programm
language
type
categori
timeline
programm
language
chronolo
generati
list
programm
language
generati
template
programm
language
lists
view
template
v
template
talk
programm
language
lists
discuss
template
t
edit
template
e
aim
list
programm
language
include
notable
programm
language
programm
language
existenc
current
use
historic
ones
alphabet
order
list
basic
dialects
dialects
basic
basic
esoteric
programm
language
esoteric
programm
language
markup
language
markup
language
included
contents
b
c
d
e
f
g
h
j
k
l
m
n
o
p
q
r
s
t
u
v
w
x
y
z
see
also
edit
section
edit
enterpri
programm
language
c
enterpri
programm
language
edit
section
edit
sharp
system
system
programm
language
abc
programm
language
abc
abc
algol
abc
algol
acc
programm
language
acc
accent
programm
language
accent
distribu
applicat
specific
language
ace
dasl
distribu
applicat
specific
language
action
programm
language
action
actionsc
actionsc
actor
programm
language
actor
ada
programm
language
ada
adenine
programm
language
adenine
agda
theorem
prover
agda
agilent
vee
agilent
vee
agora
programm
language
agora
aimms
aimms
aldor
aldor
alef
programm
language
alef
algebrai
logic
function
programm
language
alf
algol
algol
algol
algol
algol
algol
algol
algol
w
alice
programm
language
alice
alma
alma
ambientt
ambientt
amiga
amiga
e
amos
programm
language
amos
ampl
ampl
angelscr
angelscr
apex
programm
language
apex
apl
programm
language
apl
app
inventor
android
programm
language
app
inventor
androids
visual
block
language
applescr
applescr
apt
programm
language
apt
arc
programm
language
arc
arexx
arexx
argus
programm
language
argus
assembly
language
assembly
language
autohotk
autohotk
autolisp
autolisp
averest
averest
awk
awk
axum
programm
language
axum
active
server
pages
active
server
pages
b
edit
section
edit
programm
language
b
babbage
programm
language
babbage
ballerin
programm
language
ballerin
bash
unix
shell
bash
basic
basic
bc
programm
language
bc
bcpl
bcpl
beanshel
beanshel
batch
file
batch
file
windows
bertrand
programm
language
bertrand
beta
programm
language
beta
bliss
programm
language
bliss
blockly
blockly
bloop
floop
bloop
boo
programm
language
boo
boomeran
programm
language
boomeran
bourne
shell
bourne
shell
includin
bash
unix
shell
bash
korn
shell
ksh
c
edit
section
edit
programm
language
c
c
c
minus
minus
c
c
plus
plus
iso
c
sharp
programm
language
c
iso
c
cach
objectsc
cach
objectsc
shell
c
shell
csh
caml
caml
cayenne
programm
language
cayenne
cduce
cduce
cecil
programm
language
cecil
cesil
cesil
cu
programm
language
cu
ceylon
programm
language
ceylon
cfengine
cfengine
cg
programm
language
cg
ch
computer
programm
ch
chapel
programm
language
chapel
charity
programm
language
charity
charm
language
charm
chill
chill
chip
chip
chomski
chomski
chuck
chuck
cilk
cilk
citrine
programm
language
citrine
cl
ibm
claire
programm
language
claire
clarion
programm
language
clarion
clean
programm
language
clean
clipper
programm
language
clipper
clips
programm
language
clips
clist
clist
clojure
clojure
clu
programm
language
clu
cms
programm
language
cms
cobol
cobol
iso
cobolscr
cobolscr
cobol
scriptin
language
cobra
programm
language
cobra
coffeesc
coffeesc
coldfusi
coldfusi
comal
comal
combined
programm
language
combined
programm
language
cpl
comit
comit
common
intermed
language
common
intermed
language
cil
common
lisp
common
lisp
also
known
cl
compass
compass
componen
pascal
componen
pascal
constrai
handling
rules
constrai
handling
rules
chr
comtran
comtran
cool
programm
language
cool
coq
coq
coral
coral
corvisio
corvisio
cowsel
cowsel
cpl
programm
language
cpl
cryptol
cryptol
crystal
programm
language
crystal
csound
csound
communic
sequenti
processe
csp
cuneifor
programm
language
cuneifor
curl
programm
language
curl
curry
programm
language
curry
cybil
programm
language
cybil
cyclone
programm
language
cyclone
cython
cython
d
edit
section
edit
programm
language
d
datapoin
advanced
systems
language
dasl
datapoin
advanced
systems
language
dart
programm
language
dart
darwin
programm
language
darwin
dataflex
dataflex
datalog
datalog
datatrie
datatrie
dbase
dbase
dc
computer
program
dc
digital
command
language
dcl
dink
smallwoo
dinkc
dibol
dibol
dog
programm
language
dog
draco
programm
language
draco
drakon
drakon
dylan
programm
language
dylan
dynamo
programm
language
dynamo
data
analysis
expressi
dax
data
analysis
expressi
e
edit
section
edit
programm
language
e
ease
programm
language
ease
pl
easy
pl
easytrie
easytrie
plus
ec
programm
language
ec
ecmascri
ecmascri
edinburg
imp
edinburg
imp
egl
programm
language
egl
eiffel
programm
language
eiffel
elan
programm
language
elan
elixir
programm
language
elixir
elm
programm
language
elm
emacs
lisp
emacs
lisp
emerald
programm
language
emerald
epigram
programm
language
epigram
easy
programm
language
epl
easy
programm
language
eltron
programm
language
epl
eltron
programm
language
erlang
programm
language
erlang
es
unix
shell
es
escher
programm
language
escher
executiv
systems
problem
oriented
language
espol
esterel
esterel
etoys
programm
language
etoys
euclid
programm
language
euclid
euler
programm
language
euler
euphoria
programm
language
euphoria
euslisp
robot
programm
language
euslisp
robot
programm
language
cms
exec
cms
exec
exec
exec
exec
executab
uml
executab
uml
ezhil
programm
language
ezhil
f
edit
section
edit
programm
language
f
sharp
programm
language
f
programm
language
f
factor
programm
language
factor
fantom
programm
language
fantom
faust
programm
language
faust
ffp
programm
language
ffp
fjlnir
programm
language
fjlnir
fl
programm
language
fl
flavors
programm
language
flavors
flex
language
flex
bloop
floop
floop
flow
matic
flow
matic
focal
programm
language
focal
focus
focus
foil
programm
language
foil
formac
programm
language
formac
formula
language
formula
forth
programm
language
forth
fortran
fortran
iso
fortress
programm
language
fortress
fp
programm
language
fp
franz
lisp
franz
lisp
f
script
programm
language
f
script
g
edit
section
edit
game
maker
language
game
maker
language
gamemonk
script
gamemonk
script
general
algebrai
modeling
system
gams
gap
computer
algebra
system
gap
g
code
g
code
gdscript
gdscript
genie
programm
language
genie
geometri
descript
language
gdl
george
programm
language
george
glsl
glsl
gnu
gnu
e
go
programm
language
go
go
programm
language
go
game
oriented
assembly
lisp
goal
gdel
programm
language
gdel
golo
programm
language
golo
mad
programm
language
gom
good
old
mad
google
apps
script
google
apps
script
gosu
programm
language
gosu
ibm
gotran
gpss
gpss
computer
sciences
corporat
graphtal
grass
programm
language
grass
grasshop
grasshop
groovy
programm
language
groovy
h
edit
section
edit
hack
programm
language
hack
haggis
haggis
hal
hal
halide
programm
language
halide
programm
language
hamilton
shell
hamilton
c
shell
harbour
software
harbour
hartmann
pipeline
hartmann
pipeline
haskell
programm
language
haskell
haxe
haxe
hermes
programm
language
hermes
high
level
assembly
high
level
assembly
high
level
shader
language
hlsl
templeos
holyc
hop
software
hop
hopscotc
programm
language
hopscotc
hope
programm
language
hope
hugo
programm
language
hugo
hume
language
hume
hypertal
hypertal
edit
section
edit
io
programm
language
io
icon
programm
language
icon
ibm
basic
assembly
language
ibm
basic
assembly
language
ibm
hascript
ibm
hascript
ibm
informix
gl
ibm
informix
gl
ibm
rpg
ibm
rpg
irineu
irineu
idl
programm
language
idl
idris
programm
language
idris
inform
programm
language
inform
j
edit
section
edit
programm
language
j
sharp
j
visual
j
jade
programm
language
jade
jal
compiler
jal
janus
concurre
constrai
programm
language
janus
concurre
constrai
programm
language
janus
time
reversib
computin
programm
language
janus
time
reversib
computin
programm
language
jass
jass
java
programm
language
java
javafx
script
javafx
script
javascri
javascri
job
control
language
jcl
jean
jean
join
java
join
java
joss
joss
joule
programm
language
joule
jovial
jovial
joy
programm
language
joy
jscript
jscript
jscript
jscript
julia
programm
language
julia
jython
jython
k
edit
section
edit
programm
language
k
kaleidos
programm
language
kaleidos
karel
programm
language
karel
intellic
software
kee
kixtart
kixtart
klerer
may
system
klerer
may
system
knowledg
intercha
format
kif
kojo
programm
language
kojo
kotlin
programm
language
kotlin
kent
recursiv
calculat
krc
krl
programm
language
krl
krl
kuka
robot
language
kuka
robot
language
krypton
krypton
korn
shell
korn
shell
ksh
kodu
game
lab
kodu
kivy
framewor
kv
l
edit
section
edit
labview
labview
ladder
logic
ladder
lansa
developm
environm
lansa
lasso
programm
language
lasso
lava
programm
language
lava
lc
lc
legoscri
legoscri
little
implemen
language
lil
lilypond
lilypond
limbo
programm
language
limbo
limnor
limnor
linc
gl
linc
lingo
programm
language
lingo
linq
linq
lis
programm
language
lis
language
instruct
set
architec
lisa
lisp
programm
language
lisp
iso
lite
c
lite
c
lithe
programm
language
lithe
little
programm
language
little
b
ethereum
lll
logo
programm
language
logo
logtalk
logtalk
lotusscr
lotusscr
lpc
programm
language
lpc
lse
programm
language
lse
linden
scriptin
language
lsl
livecode
livecode
livescri
livescri
lua
programm
language
lua
lucid
programm
language
lucid
lustre
programm
language
lustre
lyapas
lyapas
lynx
programm
language
lynx
m
edit
section
edit
m
computer
language
m
sharp
programm
language
m
machine
code
machine
code
mad
programm
language
mad
michigan
algorith
decoder
mad
programm
language
mad
magik
programm
language
magik
magma
computer
algebra
system
magma
maude
system
maude
system
mni
mni
maple
software
maple
mapper
mapper
now
part
bis
mark
iv
software
mark
iv
now
vision
builder
mary
programm
language
mary
microsof
macro
assemble
masm
microsof
assembly
x
math
matic
math
matic
mathemat
mathemat
matlab
matlab
maxima
software
maxima
see
also
macsyma
macsyma
max
software
max
max
msp
graphica
programm
environm
autodesk
ds
max
maxscrip
internal
language
d
studio
max
maya
embedded
language
maya
mel
mdl
programm
language
mdl
mercury
programm
language
mercury
mesa
programm
language
mesa
metafont
metafont
mheg
mheg
interact
tv
programm
language
microass
microcod
microscr
programm
language
microscr
miis
programm
language
miis
milk
programm
language
milk
programm
language
mimic
mimic
mirah
programm
language
mirah
miranda
programm
language
miranda
miva
script
miva
script
ml
programm
language
ml
model
model
modelica
modelica
modula
modula
modula
modula
modula
modula
mohol
programm
language
mohol
moo
programm
language
moo
mortran
mortran
mouse
programm
language
mouse
mpd
programm
language
mpd
mathcad
mathcad
mirc
scriptin
language
msl
mumps
mumps
mupad
mupad
ethereum
mutan
mystic
bbs
mystic
programm
language
mpl
n
edit
section
edit
netwide
assemble
nasm
napier
napier
neko
programm
language
neko
nemerle
nemerle
nesl
nesl
net
net
netlogo
netlogo
netrexx
netrexx
newlisp
newlisp
newp
newp
newspeak
programm
language
newspeak
newtonsc
newtonsc
nial
nial
nice
programm
language
nice
nickle
programm
language
nickle
nickle
programm
language
nitin
nim
programm
language
nim
nord
programm
language
npl
exactly
exactly
c
nxc
quite
quite
c
nqc
nullsoft
scriptab
install
system
nsis
nu
programm
language
nu
nwscript
nwscript
nxt
g
nxt
g
o
edit
section
edit
xml
o
xml
oak
programm
language
oak
oberon
programm
language
oberon
obj
obj
object
lisp
object
lisp
objectlo
objectlo
object
rexx
object
rexx
object
pascal
object
pascal
objectiv
c
objectiv
c
objectiv
j
objectiv
j
obliq
obliq
ocaml
ocaml
occam
programm
language
occam
occam
occam
gnu
octave
octave
omnimark
omnimark
onyx
programm
language
onyx
opa
programm
language
opa
opal
programm
language
opal
opencl
opencl
openedge
advanced
business
language
openedge
abl
open
programm
language
opl
openvera
openvera
ops
ops
optimj
optimj
orc
programm
language
orc
orca
orca
oriel
scriptin
language
oriel
orwell
programm
language
orwell
oxygene
programm
language
oxygene
oz
programm
language
oz
p
edit
section
edit
programm
language
p
programm
language
p
p
parasail
programm
language
parasail
programm
language
pari
pari
pascal
programm
language
pascal
iso
pascal
script
pascal
script
pcastl
pcastl
programm
language
computab
function
pcf
pearl
programm
language
pearl
peopleco
peopleco
perl
perl
perl
data
language
pdl
perl
perl
pharo
pharo
php
php
pico
programm
language
pico
picolisp
picolisp
pict
programm
language
pict
pig
programm
tool
pig
programm
tool
pike
programm
language
pike
pilot
pilot
hartmann
pipeline
pipeline
pizza
programm
language
pizza
pl
pl
pl
pl
programm
language
business
pl
pl
pl
pl
pl
iso
pl
pl
pl
pl
pl
pl
pl
pl
planc
planc
plankalk
plankalk
planner
programm
language
planner
plex
programm
language
plex
plexil
plexil
plus
programm
language
plus
pop
pop
pop
pop
postscri
postscri
amiga
portable
pov
ray
pov
ray
sdl
powerhou
programm
language
powerhou
powerbui
powerbui
gl
gui
applicat
generato
sybase
powershe
powershe
polymorp
programm
language
ppl
processi
programm
language
processi
processi
processi
prograph
prograph
proiv
proiv
prolog
prolog
promal
promal
promela
promela
prose
modeling
language
prose
modeling
language
protel
protel
providex
providex
pro
pro
c
pure
programm
language
pure
pure
data
pure
data
python
programm
language
python
q
edit
section
edit
programm
language
kx
systems
q
programm
language
kx
systems
sharp
q
microsof
programm
language
qalb
programm
language
qalb
qtscript
qtscript
quakec
quakec
quantum
programm
qpl
r
edit
section
edit
programm
language
r
r
racket
programm
language
racket
rapid
rapid
rapira
rapira
ratfiv
ratfiv
ratfor
ratfor
rc
rc
reason
programm
language
reason
rebol
rebol
red
programm
language
red
core
war
redcode
refal
refal
rexx
rexx
rlab
rlab
roop
programm
language
roop
ibm
rpg
rpg
rpl
programm
language
rpl
robot
battle
rsl
rtl
rtl
ruby
programm
language
ruby
runescri
runescri
rust
programm
language
rust
s
edit
section
edit
programm
language
s
programm
language
s
programm
language
s
s
lang
programm
language
s
lang
s
plus
s
plus
sa
c
programm
language
sa
c
sabretal
sabretal
sail
programm
language
sail
sam
sam
sas
system
sas
sasl
programm
language
sasl
sather
sather
sawzall
programm
language
sawzall
scala
programm
language
scala
scheme
programm
language
scheme
scilab
scilab
script
script
sed
sed
seed
seed
self
programm
language
self
sensetal
sensetal
sequence
sequence
ethereum
serpent
setl
setl
superbas
database
simpol
signal
programm
language
signal
simple
simple
simscrip
simscrip
simula
simula
simulink
simulink
singular
operatin
system
singular
sisal
sisal
slip
programm
language
slip
small
small
smalltal
smalltal
standard
ml
sml
strongta
strongta
snap
programm
language
snap
snobol
snobol
spitbol
compiler
spitbol
snowball
programm
language
snowball
secure
operatio
language
sol
solidity
solidity
sophaero
sophaero
spark
programm
language
spark
speakeas
computat
environm
speakeas
speedcod
speedcod
parallax
propelle
spin
sp
sp
ibm
symbolic
programm
system
sps
sql
sql
sqr
sqr
squeak
squeak
squirrel
programm
language
squirrel
sr
programm
language
sr
s
starlogo
starlogo
strand
programm
language
strand
stata
stata
stateflo
stateflo
subtext
programm
language
subtext
superbas
database
sbl
supercol
supercol
supertal
supertal
swift
programm
language
swift
apple
programm
language
swift
parallel
scriptin
language
swift
parallel
scriptin
language
sympl
sympl
systemve
systemve
t
edit
section
edit
programm
language
t
tacl
tacl
tacpol
programm
language
tacpol
tads
tads
transact
applicat
language
tal
tcl
tcl
tea
programm
language
tea
text
editor
correcto
teco
telcomp
telcomp
tex
tex
text
executiv
programm
language
tex
tensilic
instruct
extensio
tie
tmg
language
tmg
compiler
compiler
tom
pattern
matching
language
tom
tom
object
oriented
programm
language
tom
toi
programm
language
toi
clarion
programm
language
topspeed
text
processi
utility
tpu
trac
programm
language
trac
ttm
programm
language
ttm
transact
sql
t
sql
transcri
programm
language
transcri
ttcn
ttcn
turing
programm
language
turing
tutor
programm
language
tutor
txl
programm
language
txl
typescri
typescri
tynker
tynker
u
edit
section
edit
ubercode
ubercode
ucsd
pascal
ucsd
pascal
umple
umple
unicon
programm
language
unicon
uniface
programm
language
uniface
unity
programm
language
unity
unix
shell
unix
shell
unrealsc
unrealsc
v
edit
section
edit
vala
programm
language
vala
verilog
verilog
vhdl
vhdl
vim
text
editor
vim
script
ethereum
viper
visual
basic
visual
basic
visual
basic
visual
basic
visual
dataflex
visual
dataflex
visual
dialogsc
visual
dialogsc
visual
fortran
visual
fortran
visual
foxpro
visual
foxpro
visual
visual
j
visual
visual
j
autolisp
visual
lisp
visual
objects
visual
objects
visual
prolog
visual
prolog
vsxu
vsxu
w
edit
section
edit
watfiv
programm
language
watfiv
watfor
webassem
webassem
webdna
webdna
whiley
programm
language
whiley
winbatch
winbatch
wolfram
language
wolfram
language
wyvern
programm
language
wyvern
x
edit
section
edit
x
programm
language
x
xbase
xbase
xbase
xbase
xbl
xbl
xc
programm
language
xc
targets
xcore
xs
xmos
architec
xharbour
xharbour
xl
programm
language
xl
xojo
xojo
xotcl
xotcl
xod
programm
language
xod
programm
language
xpath
xpath
xpl
xpl
xpl
xpl
xquery
xquery
xsb
xsb
xsharp
xsharp
xsl
transfor
xslt
xtend
xtend
y
edit
section
edit
yorick
programm
language
yorick
yql
programm
language
yql
yoix
yoix
yui
library
yui
z
edit
section
edit
notation
z
notation
zebra
programm
language
zebra
zpl
zpl
zeno
programm
language
zeno
zetalisp
zetalisp
zopl
zopl
shell
zsh
zpl
programm
language
zpl
z
see
also
edit
section
see
also
edit
programm
language
wikipedi
wikipedi
wikimedi
sister
projects
sister
projects
wikt
programm
language
definiti
wiktiona
category
programm
language
media
wikimedi
commons
special
search
news
wikinews
special
search
quotatio
wikiquot
think
like
computer
scientis
texts
wikisour
computer
programm
textbook
wikibook
special
search
resource
wikivers
lists
programm
language
lists
programm
language
list
programm
language
type
list
programm
language
type
comparis
programm
language
comparis
programm
language
list
basic
dialects
platform
list
basic
dialects
platform
list
markup
language
list
markup
language
list
styleshe
language
list
styleshe
language
history
programm
language
history
programm
language
category
programm
language
category
programm
language
wikibook
list
hello
world
programs
list
hello
world
programs
wikibook
icon
portal
computer
programm
computer
programm
portal
template
programm
language
view
template
v
template
talk
programm
language
discuss
template
t
edit
template
e
programm
language
programm
language
comparis
programm
language
comparis
timeline
programm
language
timeline
history
programm
language
history
apl
programm
language
apl
assembly
language
assembly
basic
basic
programm
language
c
c
sharp
programm
language
c
cobol
cobol
elixir
programm
language
elixir
fortran
fortran
go
programm
language
go
apache
groovy
groovy
haskell
programm
language
haskell
java
programm
language
java
javascri
javascri
js
julia
programm
language
julia
kotlin
programm
language
kotlin
lisp
programm
language
lisp
lua
programm
language
lua
matlab
matlab
objectiv
c
objectiv
c
ocaml
ocaml
pascal
programm
language
pascal
perl
perl
php
php
python
programm
language
python
programm
language
r
ruby
programm
language
ruby
rust
programm
language
rust
scala
programm
language
scala
shell
script
shell
smalltal
smalltal
swift
programm
language
swift
typescri
typescri
visual
basic
visual
basic
vb
category
category
category
programm
language
category
list
class
article
list
class
article
lists
alphabet
list
programm
language
type
categori
generati
list
programm
language
generati
non
english
based
programm
language
non
english
based
retrieve
en
help
category
categori
category
lists
programm
language
lists
programm
language
category
computer
programm
computer
programm
hidden
categori
category
articles
short
descript
articles
short
descript
navigati
menu
personal
tools
logged
discussi
edits
ip
address
talk
list
edits
made
ip
address
contribu
encourag
create
account
log
however
it
mandator
create
account
encourag
log
however
mandator
log
namespac
view
content
page
article
discussi
content
page
talk
variants
views
read
edit
page
edit
past
revision
page
view
history
search
search
wikipedi
search
wikipedi
text
go
page
exact
name
it
exists
visit
main
page
navigati
visit
main
page
main
page
guides
browsing
wikipedi
contents
featured
content
best
wikipedi
featured
content
find
backgrou
informat
current
events
current
events
load
random
article
random
article
support
us
donate
wikipedi
visit
wikipedi
store
wikipedi
store
interact
guidance
use
edit
wikipedi
help
find
wikipedi
wikipedi
project
can
find
things
communit
portal
list
recent
changes
wiki
recent
changes
contact
wikipedi
contact
page
tools
list
english
wikipedi
pages
containi
links
page
links
recent
changes
pages
linked
page
related
changes
upload
files
upload
file
list
special
pages
special
pages
permanen
link
revision
page
permanen
link
informat
page
page
informat
link
connecte
data
reposito
item
wikidata
item
informat
cite
page
cite
page
projects
wikimedi
commons
wikibook
print
create
book
download
pdf
printabl
version
page
printabl
version
language
lys
van
programm
afrikaan
afrikaan
arabic
bulgaria
spisak
programs
jezika
bosnian
bosanski
llista
de
llenguat
de
programa
catalan
catal
seznam
programo
jazyk
czech
etin
liste
von
programm
german
deutsch
anexo
lenguaje
de
programa
spanish
espaol
listo
de
programl
esperant
esperant
persian
liste
de
langages
de
programm
french
franai
korean
armenian
hindi
dodatak
popis
programs
jezika
croatian
hrvatski
daftar
bahasa
pemrogra
indonesi
bahasa
indonesi
listi
yfir
forritun
stafrf
icelandi
slensk
lista
dei
linguagg
di
programm
italian
italiano
programm
valodu
uzskait
latvian
latvie
programo
nyelvek
listja
betren
hungaria
magyar
senarai
bahasa
pengatur
malay
bahasa
melayu
mongolia
lijst
van
programm
dutch
nederlan
japanese
liste
programm
norwegia
norsk
liste
programm
norwegia
nynorsk
norsk
nynorsk
lista
de
linguage
de
programa
portugue
portugu
list
alfabeti
limbajel
de
programa
romanian
romn
russian
lista
gjuhve
programo
albanian
shqip
list
programm
language
simple
english
simple
english
zoznam
programo
jazykov
slovak
sloven
seznam
programs
jezikov
slovenia
sloven
serbian
spisak
programs
jezika
serbo
croatian
srpskohr
daptar
basa
pamrogra
dumasar
alpabt
sundanes
basa
sunda
luettelo
ohjelmoi
finnish
suomi
tamil
tajik
programl
dilleri
listesi
turkish
trke
daftar
basa
ma
program
buginese
ukrainia
danh
sch
cc
ngn
ng
lp
trnh
vietname
ting
vit
chinese
edit
interlan
links
edit
links
page
last
edited
july
text
availabl
creative
commons
attribut
shareali
license
addition
terms
may
apply
using
site
agree
terms
use
privacy
policy
wikipedi
register
trademar
wikimedi
foundati
inc
non
profit
organiza
wmf
privacy
policy
privacy
policy
wikipedi
wikipedi
wikipedi
general
disclaim
disclaim
contact
wikipedi
develope
cookie
statemen
mobile
view
wikimedi
foundati
powered
mediawik
wgpagepa
limitrep
cputime
walltime
ppvisite
value
limit
ppgenera
value
limit
postexpa
value
limit
template
value
limit
expansio
value
limit
expensiv
value
limit
unstrip
depth
value
limit
unstrip
size
value
limit
entityac
value
limit
timingpr
total
template
columns
list
template
div
col
template
short
descript
template
pagetype
template
programm
language
template
navbox
template
programm
language
lists
template
main
template
sidebar
scribunt
limitrep
timeusag
value
limit
limitrep
memusage
value
limit
cacherep
origin
mw
timestam
ttl
transien
applicat
context
https
type
article
name
list
programm
language
url
https
sameas
http
mainenti
http
author
type
organiza
name
contribu
wikimedi
projects
publishe
type
organiza
name
wikimedi
foundati
inc
logo
type
imageobj
url
https
datepubl
datemodi
headline
wikimedi
list
article
wgbacken
wghostna
mw
