list
of
programming
languages
wikipedia
client
js
wgcanonicalnamespace
wgcanonicalspecialpagename
wgnamespacenumber
wgpagename
list
of
programming
languages
wgtitle
list
of
programming
languages
wgcurrevisionid
wgrevisionid
wgarticleid
wgisarticle
wgisredirect
wgaction
view
wgusername
wgusergroups
wgcategories
articles
with
short
description
lists
of
programming
languages
computer
programming
wgbreakframes
wgpagecontentlanguage
en
wgpagecontentmodel
wikitext
wgseparatortransformtable
wgdigittransformtable
wgdefaultdateformat
dmy
wgmonthnames
january
february
march
april
may
june
july
august
september
october
november
december
wgmonthnamesshort
jan
feb
mar
apr
may
jun
jul
aug
sep
oct
nov
dec
wgrelevantpagename
list
of
programming
languages
wgrelevantarticleid
wgrequestid
xtoqzapaadoaagyzsbkaaaby
wgcspnonce
wgisprobablyeditable
wgrelevantpageisprobablyeditable
wgrestrictionedit
wgrestrictionmove
wgmediavieweronclick
wgmediaviewerenabledbydefault
wgpopupsreferencepreviews
wgpopupsconflictswithnavpopupgadget
wgvisualeditor
pagelanguagecode
en
pagelanguagedir
ltr
pagevariantfallbacks
en
wgmfdisplaywikibasedescriptions
search
nearby
watchlist
tagline
wgwmeschemaeditattemptstepoversample
wgpoweredbyhhvm
wgulscurrentautonym
english
wgnoticeproject
wikipedia
wgwikibaseitemid
wgcentralauthmobiledomain
wgeditsubmitbuttonlabelpublish
ext
styles
ready
ext
ready
ext
ready
site
ready
noscript
ready
user
ready
ext
ready
ext
ready
user
ready
user
ready
user
loading
mediawiki
ready
mediawiki
ready
wikibase
ready
ext
ready
ext
ready
ext
ready
ext
ready
mediawiki
ready
skins
ready
site
mediawiki
mediawiki
mediawiki
ext
ext
ext
notice
ext
wizard
ext
ext
ext
toolbar
buttons
ext
ext
mmv
mmv
ext
ext
ext
ext
ext
ext
ext
ext
ext
ext
ext
skins
user
tffind
edittoken
patroltoken
watchtoken
csrftoken
mediawiki
wmf
origin
origin-when
crossorigin
origin-when
cross-origin
edit
this
page
edit
this
page
wikipedia
en
list
of
programming
languages
from
wikipedia
the
free
encyclopedia
jump
to
navigation
jump
to
search
wikimedia
list
article
lists
of
programming
languages
programming
language
lists
alphabetical
list
of
programming
languages
by
type
categorical
timeline
of
programming
languages
chronological
generational
list
of
programming
languages
generational
template
programming
language
lists
view
this
template
v
template
talk
programming
language
lists
discuss
this
template
t
edit
this
template
e
the
aim
of
this
list
of
programming
languages
is
to
include
all
notable
programming
language
programming
languages
in
existence
both
those
in
current
use
and
historical
ones
in
alphabetical
order
list
of
basic
dialects
dialects
of
basic
basic
esoteric
programming
language
esoteric
programming
languages
and
markup
language
markup
languages
are
not
included
contents
a
b
c
d
e
f
g
h
i
j
k
l
m
n
o
p
q
r
s
t
u
v
w
x
y
z
see
also
edit
section
edit
enterprise
programming
language
c
enterprise
programming
language
a
edit
section
edit
sharp
a
system
a
system
programming
language
a
a
abc
programming
language
abc
abc
algol
abc
algol
acc
programming
language
acc
accent
programming
language
accent
distributed
application
specification
language
ace
dasl
distributed
application
specification
language
action
programming
language
action
actionscript
actionscript
actor
programming
language
actor
ada
programming
language
ada
adenine
programming
language
adenine
agda
theorem
prover
agda
agilent
vee
agilent
vee
agora
programming
language
agora
aimms
aimms
aldor
aldor
alef
programming
language
alef
algebraic
logic
functional
programming
language
alf
algol
algol
algol
algol
algol
algol
algol
algol
w
alice
programming
language
alice
alma
alma
ambienttalk
ambienttalk
amiga
amiga
e
amos
programming
language
amos
ampl
ampl
angelscript
angelscript
apex
programming
language
apex
apl
programming
language
apl
app
inventor
for
android
programming
language
app
inventor
for
androids
visual
block
language
applescript
applescript
apt
programming
language
apt
arc
programming
language
arc
arexx
arexx
argus
programming
language
argus
assembly
language
assembly
language
autohotkey
autohotkey
autolisp
autolisp
averest
averest
awk
awk
axum
programming
language
axum
active
server
pages
active
server
pages
b
edit
section
edit
programming
language
b
babbage
programming
language
babbage
ballerina
programming
language
ballerina
bash
unix
shell
bash
basic
basic
bc
programming
language
bc
bcpl
bcpl
beanshell
beanshell
batch
file
batch
file
windows
bertrand
programming
language
bertrand
beta
programming
language
beta
bliss
programming
language
bliss
blockly
blockly
bloop
and
floop
bloop
boo
programming
language
boo
boomerang
programming
language
boomerang
bourne
shell
bourne
shell
including
bash
unix
shell
bash
and
korn
shell
ksh
c
edit
section
edit
programming
language
c
c
c
minus
minus
c
c
plus
plus
iso
c
sharp
programming
language
c
iso
c
caché
objectscript
caché
objectscript
shell
c
shell
csh
caml
caml
cayenne
programming
language
cayenne
cduce
cduce
cecil
programming
language
cecil
cesil
cesil
céu
programming
language
céu
ceylon
programming
language
ceylon
cfengine
cfengine
cg
programming
language
cg
ch
computer
programming
ch
chapel
programming
language
chapel
charity
programming
language
charity
charm
language
charm
chill
chill
chip
chip
chomski
chomski
chuck
chuck
cilk
cilk
citrine
programming
language
citrine
as
cl
ibm
claire
programming
language
claire
clarion
programming
language
clarion
clean
programming
language
clean
clipper
programming
language
clipper
clips
programming
language
clips
clist
clist
clojure
clojure
clu
programming
language
clu
cms
programming
language
cms
cobol
cobol
iso
cobolscript
cobolscript
cobol
scripting
language
cobra
programming
language
cobra
coffeescript
coffeescript
coldfusion
coldfusion
comal
comal
combined
programming
language
combined
programming
language
cpl
comit
comit
common
intermediate
language
common
intermediate
language
cil
common
lisp
common
lisp
also
known
as
cl
compass
compass
component
pascal
component
pascal
constraint
handling
rules
constraint
handling
rules
chr
comtran
comtran
cool
programming
language
cool
coq
coq
coral
coral
corvision
corvision
cowsel
cowsel
cpl
programming
language
cpl
cryptol
cryptol
crystal
programming
language
crystal
csound
csound
communicating
sequential
processes
csp
cuneiform
programming
language
cuneiform
curl
programming
language
curl
curry
programming
language
curry
cybil
programming
language
cybil
cyclone
programming
language
cyclone
cython
cython
d
edit
section
edit
programming
language
d
datapoints
advanced
systems
language
dasl
datapoints
advanced
systems
language
dart
programming
language
dart
darwin
programming
language
darwin
dataflex
dataflex
datalog
datalog
datatrieve
datatrieve
dbase
dbase
dc
computer
program
dc
digital
command
language
dcl
dink
smallwood
dinkc
dibol
dibol
dog
programming
language
dog
draco
programming
language
draco
drakon
drakon
dylan
programming
language
dylan
dynamo
programming
language
dynamo
data
analysis
expressions
dax
data
analysis
expressions
e
edit
section
edit
programming
language
e
ease
programming
language
ease
pl
easy
pl
easytrieve
easytrieve
plus
ec
programming
language
ec
ecmascript
ecmascript
edinburgh
imp
edinburgh
imp
egl
programming
language
egl
eiffel
programming
language
eiffel
elan
programming
language
elan
elixir
programming
language
elixir
elm
programming
language
elm
emacs
lisp
emacs
lisp
emerald
programming
language
emerald
epigram
programming
language
epigram
easy
programming
language
epl
easy
programming
language
eltron
programming
language
epl
eltron
programming
language
erlang
programming
language
erlang
es
unix
shell
es
escher
programming
language
escher
executive
systems
problem
oriented
language
espol
esterel
esterel
etoys
programming
language
etoys
euclid
programming
language
euclid
euler
programming
language
euler
euphoria
programming
language
euphoria
euslisp
robot
programming
language
euslisp
robot
programming
language
cms
exec
cms
exec
exec
exec
exec
executable
uml
executable
uml
ezhil
programming
language
ezhil
f
edit
section
edit
programming
language
f
sharp
programming
language
f
programming
language
f
factor
programming
language
factor
fantom
programming
language
fantom
faust
programming
language
faust
ffp
programming
language
ffp
fjölnir
programming
language
fjölnir
fl
programming
language
fl
flavors
programming
language
flavors
flex
language
flex
bloop
and
floop
floop
flow-matic
flow-matic
focal
programming
language
focal
focus
focus
foil
programming
language
foil
formac
programming
language
formac
formula
language
formula
forth
programming
language
forth
fortran
fortran
iso
fortress
programming
language
fortress
fp
programming
language
fp
franz
lisp
franz
lisp
f-script
programming
language
f-script
g
edit
section
edit
game
maker
language
game
maker
language
gamemonkey
script
gamemonkey
script
general
algebraic
modeling
system
gams
gap
computer
algebra
system
gap
g-code
g-code
gdscript
gdscript
genie
programming
language
genie
geometric
description
language
gdl
george
programming
language
george
glsl
glsl
gnu
gnu
e
go
programming
language
go
go
programming
language
go
game
oriented
assembly
lisp
goal
gödel
programming
language
gödel
golo
programming
language
golo
mad
programming
language
gom
good
old
mad
google
apps
script
google
apps
script
gosu
programming
language
gosu
ibm
gotran
gpss
gpss
computer
sciences
corporation
graphtalk
grass
programming
language
grass
grasshopper
grasshopper
groovy
programming
language
groovy
h
edit
section
edit
hack
programming
language
hack
haggis
haggis
hal
hal
halide
programming
language
halide
programming
language
hamilton
shell
hamilton
c
shell
harbour
software
harbour
hartmann
pipeline
hartmann
pipelines
haskell
programming
language
haskell
haxe
haxe
hermes
programming
language
hermes
high
level
assembly
high
level
assembly
high
level
shader
language
hlsl
templeos
holyc
hop
software
hop
hopscotch
programming
language
hopscotch
hope
programming
language
hope
hugo
programming
language
hugo
hume
language
hume
hypertalk
hypertalk
i
edit
section
edit
io
programming
language
io
icon
programming
language
icon
ibm
basic
assembly
language
ibm
basic
assembly
language
ibm
hascript
ibm
hascript
ibm
informix
gl
ibm
informix
gl
ibm
rpg
ibm
rpg
irineu
irineu
idl
programming
language
idl
idris
programming
language
idris
inform
programming
language
inform
j
edit
section
edit
programming
language
j
sharp
j
visual
j
jade
programming
language
jade
jal
compiler
jal
janus
concurrent
constraint
programming
language
janus
concurrent
constraint
programming
language
janus
time-reversible
computing
programming
language
janus
time-reversible
computing
programming
language
jass
jass
java
programming
language
java
javafx
script
javafx
script
javascript
javascript
job
control
language
jcl
jean
jean
join
java
join
java
joss
joss
joule
programming
language
joule
jovial
jovial
joy
programming
language
joy
jscript
jscript
jscript
jscript
julia
programming
language
julia
jython
jython
k
edit
section
edit
programming
language
k
kaleidoscope
programming
language
kaleidoscope
karel
programming
language
karel
intellicorp
software
kee
kixtart
kixtart
klerer-may
system
klerer-may
system
knowledge
interchange
format
kif
kojo
programming
language
kojo
kotlin
programming
language
kotlin
kent
recursive
calculator
krc
krl
programming
language
krl
krl
kuka
robot
language
kuka
robot
language
krypton
krypton
korn
shell
korn
shell
ksh
kodu
game
lab
kodu
kivy
framework
kv
l
edit
section
edit
labview
labview
ladder
logic
ladder
lansa
development
environment
lansa
lasso
programming
language
lasso
lava
programming
language
lava
lc
lc
legoscript
legoscript
little
implementation
language
lil
lilypond
lilypond
limbo
programming
language
limbo
limnor
limnor
linc
gl
linc
lingo
programming
language
lingo
linq
linq
lis
programming
language
lis
language
for
instruction
set
architecture
lisa
lisp
programming
language
lisp
iso
lite-c
lite-c
lithe
programming
language
lithe
little
programming
language
little
b
ethereum
lll
logo
programming
language
logo
logtalk
logtalk
lotusscript
lotusscript
lpc
programming
language
lpc
lse
programming
language
lse
linden
scripting
language
lsl
livecode
livecode
livescript
livescript
lua
programming
language
lua
lucid
programming
language
lucid
lustre
programming
language
lustre
lyapas
lyapas
lynx
programming
language
lynx
m
edit
section
edit
m
computer
language
m
sharp
programming
language
m
machine
code
machine
code
mad
programming
language
mad
michigan
algorithm
decoder
mad
programming
language
mad
magik
programming
language
magik
magma
computer
algebra
system
magma
maude
system
maude
system
máni
máni
maple
software
maple
mapper
mapper
now
part
of
bis
mark
iv
software
mark-iv
now
vision
builder
mary
programming
language
mary
microsoft
macro
assembler
masm
microsoft
assembly
x
math-matic
math-matic
mathematica
mathematica
matlab
matlab
maxima
software
maxima
see
also
macsyma
macsyma
max
software
max
max
msp
graphical
programming
environment
autodesk
ds
max
maxscript
internal
language
d
studio
max
maya
embedded
language
maya
mel
mdl
programming
language
mdl
mercury
programming
language
mercury
mesa
programming
language
mesa
metafont
metafont
mheg
mheg
interactive
tv
programming
language
microassembler
microcode
microscript
programming
language
microscript
miis
programming
language
miis
milk
programming
language
milk
programming
language
mimic
mimic
mirah
programming
language
mirah
miranda
programming
language
miranda
miva
script
miva
script
ml
programming
language
ml
model
model
modelica
modelica
modula
modula
modula
modula
modula
modula
mohol
programming
languages
mohol
moo
programming
language
moo
mortran
mortran
mouse
programming
language
mouse
mpd
programming
language
mpd
mathcad
mathcad
mirc
scripting
language
msl
mumps
mumps
mupad
mupad
ethereum
mutan
mystic
bbs
mystic
programming
language
mpl
n
edit
section
edit
netwide
assembler
nasm
napier
napier
neko
programming
language
neko
nemerle
nemerle
nesl
nesl
net
net
netlogo
netlogo
netrexx
netrexx
newlisp
newlisp
newp
newp
newspeak
programming
language
newspeak
newtonscript
newtonscript
nial
nial
nice
programming
language
nice
nickle
programming
language
nickle
nickle
programming
language
nitin
nim
programming
language
nim
nord
programming
language
npl
not
exactly
not
exactly
c
nxc
not
quite
not
quite
c
nqc
nullsoft
scriptable
install
system
nsis
nu
programming
language
nu
nwscript
nwscript
nxt-g
nxt-g
o
edit
section
edit
xml
o
xml
oak
programming
language
oak
oberon
programming
language
oberon
obj
obj
object
lisp
object
lisp
objectlogo
objectlogo
object
rexx
object
rexx
object
pascal
object
pascal
objective-c
objective-c
objective-j
objective-j
obliq
obliq
ocaml
ocaml
occam
programming
language
occam
occam
occam
gnu
octave
octave
omnimark
omnimark
onyx
programming
language
onyx
opa
programming
language
opa
opal
programming
language
opal
opencl
opencl
openedge
advanced
business
language
openedge
abl
open
programming
language
opl
openvera
openvera
ops
ops
optimj
optimj
orc
programming
language
orc
orca
orca
oriel
scripting
language
oriel
orwell
programming
language
orwell
oxygene
programming
language
oxygene
oz
programming
language
oz
p
edit
section
edit
programming
language
p
programming
language
p
p
parasail
programming
language
parasail
programming
language
pari
pari
pascal
programming
language
pascal
iso
pascal
script
pascal
script
pcastl
pcastl
programming
language
for
computable
functions
pcf
pearl
programming
language
pearl
peoplecode
peoplecode
perl
perl
perl
data
language
pdl
perl
perl
pharo
pharo
php
php
pico
programming
language
pico
picolisp
picolisp
pict
programming
language
pict
pig
programming
tool
pig
programming
tool
pike
programming
language
pike
pilot
pilot
hartmann
pipeline
pipelines
pizza
programming
language
pizza
pl
pl
pl
pl
programming
language
for
business
pl
pl
pl
pl
pl
iso
pl
pl
pl
pl
pl
pl
pl
pl
planc
planc
plankalkül
plankalkül
planner
programming
language
planner
plex
programming
language
plex
plexil
plexil
plus
programming
language
plus
pop
pop
pop
pop
postscript
postscript
amiga
portable
pov-ray
pov-ray
sdl
powerhouse
programming
language
powerhouse
powerbuilder
powerbuilder
gl
gui
application
generator
from
sybase
powershell
powershell
polymorphic
programming
language
ppl
processing
programming
language
processing
processing
processing
prograph
prograph
proiv
proiv
prolog
prolog
promal
promal
promela
promela
prose
modeling
language
prose
modeling
language
protel
protel
providex
providex
pro
pro
c
pure
programming
language
pure
pure
data
pure
data
python
programming
language
python
q
edit
section
edit
programming
language
from
kx
systems
q
programming
language
from
kx
systems
sharp
q
microsoft
programming
language
qalb
programming
language
qalb
qtscript
qtscript
quakec
quakec
quantum
programming
qpl
r
edit
section
edit
programming
language
r
r
racket
programming
language
racket
rapid
rapid
rapira
rapira
ratfiv
ratfiv
ratfor
ratfor
rc
rc
reason
programming
language
reason
rebol
rebol
red
programming
language
red
core
war
redcode
refal
refal
rexx
rexx
rlab
rlab
roop
programming
language
roop
ibm
rpg
rpg
rpl
programming
language
rpl
robot
battle
rsl
rtl
rtl
ruby
programming
language
ruby
runescript
runescript
rust
programming
language
rust
s
edit
section
edit
programming
language
s
programming
language
s
programming
language
s
s-lang
programming
language
s-lang
s-plus
s-plus
sa-c
programming
language
sa-c
sabretalk
sabretalk
sail
programming
language
sail
sam
sam
sas
system
sas
sasl
programming
language
sasl
sather
sather
sawzall
programming
language
sawzall
scala
programming
language
scala
scheme
programming
language
scheme
scilab
scilab
script
script
sed
sed
seed
seed
self
programming
language
self
sensetalk
sensetalk
sequencel
sequencel
ethereum
serpent
setl
setl
superbase
database
simpol
signal
programming
language
signal
simple
simple
simscript
simscript
simula
simula
simulink
simulink
singularity
operating
system
singularity
sisal
sisal
slip
programming
language
slip
small
small
smalltalk
smalltalk
standard
ml
sml
strongtalk
strongtalk
snap
programming
language
snap
snobol
snobol
spitbol
compiler
spitbol
snowball
programming
language
snowball
secure
operations
language
sol
solidity
solidity
sophaeros
sophaeros
spark
programming
language
spark
speakeasy
computational
environment
speakeasy
speedcoding
speedcode
parallax
propeller
spin
sp
sp
ibm
symbolic
programming
system
sps
sql
sql
sqr
sqr
squeak
squeak
squirrel
programming
language
squirrel
sr
programming
language
sr
s
starlogo
starlogo
strand
programming
language
strand
stata
stata
stateflow
stateflow
subtext
programming
language
subtext
superbase
database
sbl
supercollider
supercollider
supertalk
supertalk
swift
programming
language
swift
apple
programming
language
swift
parallel
scripting
language
swift
parallel
scripting
language
sympl
sympl
systemverilog
systemverilog
t
edit
section
edit
programming
language
t
tacl
tacl
tacpol
programming
language
tacpol
tads
tads
transaction
application
language
tal
tcl
tcl
tea
programming
language
tea
text
editor
and
corrector
teco
telcomp
telcomp
tex
tex
text
executive
programming
language
tex
tensilica
instruction
extension
tie
tmg
language
tmg
compiler-compiler
tom
pattern
matching
language
tom
tom
object-oriented
programming
language
tom
toi
programming
language
toi
clarion
programming
language
topspeed
text
processing
utility
tpu
trac
programming
language
trac
ttm
programming
language
ttm
transact-sql
t-sql
transcript
programming
language
transcript
ttcn
ttcn
turing
programming
language
turing
tutor
programming
language
tutor
txl
programming
language
txl
typescript
typescript
tynker
tynker
u
edit
section
edit
ubercode
ubercode
ucsd
pascal
ucsd
pascal
umple
umple
unicon
programming
language
unicon
uniface
programming
language
uniface
unity
programming
language
unity
unix
shell
unix
shell
unrealscript
unrealscript
v
edit
section
edit
vala
programming
language
vala
verilog
verilog
vhdl
vhdl
vim
text
editor
vim
script
ethereum
viper
visual
basic
visual
basic
visual
basic
visual
basic
visual
dataflex
visual
dataflex
visual
dialogscript
visual
dialogscript
visual
fortran
visual
fortran
visual
foxpro
visual
foxpro
visual
visual
j
visual
visual
j
autolisp
visual
lisp
visual
objects
visual
objects
visual
prolog
visual
prolog
vsxu
vsxu
w
edit
section
edit
watfiv
programming
language
watfiv
watfor
webassembly
webassembly
webdna
webdna
whiley
programming
language
whiley
winbatch
winbatch
wolfram
language
wolfram
language
wyvern
programming
language
wyvern
x
edit
section
edit
x
programming
language
x
xbase
xbase
xbase
xbase
xbl
xbl
xc
programming
language
xc
targets
xcore
xs
xmos
architecture
xharbour
xharbour
xl
programming
language
xl
xojo
xojo
xotcl
xotcl
xod
programming
language
xod
programming
language
xpath
xpath
xpl
xpl
xpl
xpl
xquery
xquery
xsb
xsb
xsharp
xsharp
xsl
transformations
xslt
xtend
xtend
y
edit
section
edit
yorick
programming
language
yorick
yql
programming
language
yql
yoix
yoix
yui
library
yui
z
edit
section
edit
notation
z
notation
zebra
programming
language
zebra
zpl
zpl
zeno
programming
language
zeno
zetalisp
zetalisp
zopl
zopl
shell
zsh
zpl
programming
language
zpl
z
see
also
edit
section
see
also
edit
programming
languages
at
wikipedias
wikipedia
wikimedia
sister
projects
sister
projects
wikt
programming
language
definitions
from
wiktionary
category
programming
languages
media
from
wikimedia
commons
special
search
news
from
wikinews
special
search
quotations
from
wikiquote
how
to
think
like
computer
scientist
texts
from
wikisource
computer
programming
textbooks
from
wikibooks
special
search
resources
from
wikiversity
lists
of
programming
languages
lists
of
programming
languages
list
of
programming
languages
by
type
list
of
programming
languages
by
type
comparison
of
programming
languages
comparison
of
programming
languages
list
of
basic
dialects
by
platform
list
of
basic
dialects
by
platform
list
of
markup
languages
list
of
markup
languages
list
of
stylesheet
languages
list
of
stylesheet
languages
history
of
programming
languages
history
of
programming
languages
category
programming
languages
category
programming
languages
wikibooks
list
of
hello
world
programs
list
of
hello
world
programs
at
wikibooks
icon
portal
computer
programming
computer
programming
portal
template
programming
languages
view
this
template
v
template
talk
programming
languages
discuss
this
template
t
edit
this
template
e
programming
language
programming
languages
comparison
of
programming
languages
comparison
timeline
of
programming
languages
timeline
history
of
programming
languages
history
apl
programming
language
apl
assembly
language
assembly
basic
basic
programming
language
c
c
sharp
programming
language
c
cobol
cobol
elixir
programming
language
elixir
fortran
fortran
go
programming
language
go
apache
groovy
groovy
haskell
programming
language
haskell
java
programming
language
java
javascript
javascript
js
julia
programming
language
julia
kotlin
programming
language
kotlin
lisp
programming
language
lisp
lua
programming
language
lua
matlab
matlab
objective-c
objective-c
ocaml
ocaml
pascal
programming
language
pascal
perl
perl
php
php
python
programming
language
python
programming
language
r
ruby
programming
language
ruby
rust
programming
language
rust
scala
programming
language
scala
shell
script
shell
smalltalk
smalltalk
swift
programming
language
swift
typescript
typescript
visual
basic
visual
basic
vb
more
category
category
category
programming
languages
category
list-class
article
list-class
article
lists
alphabetical
list
of
programming
languages
by
type
categorical
generational
list
of
programming
languages
generational
non-english
based
programming
languages
non-english
based
retrieved
from
en
help
category
categories
category
lists
of
programming
languages
lists
of
programming
languages
category
computer
programming
computer
programming
hidden
categories
category
articles
with
short
description
articles
with
short
description
navigation
menu
personal
tools
not
logged
in
discussion
about
edits
from
this
ip
address
talk
list
of
edits
made
from
this
ip
address
contributions
you
are
encouraged
to
create
an
account
and
log
in
however
it
is
not
mandatory
create
account
youre
encouraged
to
log
in
however
its
not
mandatory
log
in
namespaces
view
the
content
page
article
discussion
about
the
content
page
talk
variants
views
read
edit
this
page
edit
past
revisions
of
this
page
view
history
more
search
search
wikipedia
search
wikipedia
for
this
text
go
to
page
with
this
exact
name
if
it
exists
visit
the
main
page
navigation
visit
the
main
page
main
page
guides
to
browsing
wikipedia
contents
featured
content
the
best
of
wikipedia
featured
content
find
background
information
on
current
events
current
events
load
random
article
random
article
support
us
donate
to
wikipedia
visit
the
wikipedia
store
wikipedia
store
interaction
guidance
on
how
to
use
and
edit
wikipedia
help
find
out
about
wikipedia
about
wikipedia
about
the
project
what
you
can
do
where
to
find
things
community
portal
list
of
recent
changes
in
the
wiki
recent
changes
how
to
contact
wikipedia
contact
page
tools
list
of
all
english
wikipedia
pages
containing
links
to
this
page
what
links
here
recent
changes
in
pages
linked
from
this
page
related
changes
upload
files
upload
file
list
of
all
special
pages
special
pages
permanent
link
to
this
revision
of
the
page
permanent
link
more
information
about
this
page
page
information
link
to
connected
data
repository
item
wikidata
item
information
on
how
to
cite
this
page
cite
this
page
in
other
projects
wikimedia
commons
wikibooks
print
create
a
book
download
as
pdf
printable
version
of
this
page
printable
version
languages
lys
van
programmeertale
afrikaans
afrikaans
arabic
bulgarian
spisak
programskih
jezika
bosnian
bosanski
llista
de
llenguatges
de
programació
catalan
català
seznam
programovacích
jazyků
czech
čeština
liste
von
programmiersprachen
german
deutsch
anexo
lenguajes
de
programación
spanish
español
listo
de
programlingvoj
esperanto
esperanto
persian
liste
de
langages
de
programmation
french
français
korean
armenian
hindi
dodatak
popis
programskih
jezika
croatian
hrvatski
daftar
bahasa
pemrograman
indonesian
bahasa
indonesia
listi
yfir
forritunarmál
stafrófsröð
icelandic
íslenska
lista
dei
linguaggi
di
programmazione
italian
italiano
programmēšanas
valodu
uzskaitījums
latvian
latviešu
programozási
nyelvek
listája
betűrendben
hungarian
magyar
senarai
bahasa
pengaturcaraan
malay
bahasa
melayu
mongolian
lijst
van
programmeertalen
dutch
nederlands
japanese
liste
over
programmeringsspråk
norwegian
norsk
liste
over
programmeringsspråk
norwegian
nynorsk
norsk
nynorsk
lista
de
linguagens
de
programação
portuguese
português
listă
alfabetică
limbajelor
de
programare
romanian
română
russian
lista
gjuhëve
programore
albanian
shqip
list
of
programming
languages
simple
english
simple
english
zoznam
programovacích
jazykov
slovak
slovenčina
seznam
programskih
jezikov
slovenian
slovenščina
serbian
spisak
programskih
jezika
serbo-croatian
srpskohrvatski
daptar
basa
pamrograman
dumasar
alpabét
sundanese
basa
sunda
luettelo
ohjelmointikielistä
finnish
suomi
tamil
tajik
programlama
dilleri
listesi
turkish
türkçe
daftar
basa
ma-program
buginese
ukrainian
danh
sách
các
ngôn
ngữ
lập
trình
vietnamese
tiếng
việt
chinese
edit
interlanguage
links
edit
links
this
page
was
last
edited
on
july
at
text
is
available
under
the
creative
commons
attribution-sharealike
license
additional
terms
may
apply
by
using
this
site
you
agree
to
the
terms
of
use
and
privacy
policy
wikipedia
is
a
registered
trademark
of
the
wikimedia
foundation
inc
a
non-profit
organization
wmf
privacy
policy
privacy
policy
wikipedia
about
about
wikipedia
wikipedia
general
disclaimer
disclaimers
contact
wikipedia
developers
cookie
statement
mobile
view
wikimedia
foundation
powered
by
mediawiki
wgpageparsereport
limitreport
cputime
walltime
ppvisitednodes
value
limit
ppgeneratednodes
value
limit
postexpandincludesize
value
limit
templateargumentsize
value
limit
expansiondepth
value
limit
expensivefunctioncount
value
limit
unstrip
depth
value
limit
unstrip
size
value
limit
entityaccesscount
value
limit
timingprofile
total
template
columns
list
template
div
col
template
short
description
template
pagetype
template
programming
languages
template
navbox
template
programming
language
lists
template
main
other
template
sidebar
scribunto
limitreport
timeusage
value
limit
limitreport
memusage
value
limit
cachereport
origin
mw
timestamp
ttl
transientcontent
application
context
https
type
article
name
list
of
programming
languages
url
https
sameas
http
mainentity
http
author
type
organization
name
contributors
to
wikimedia
projects
publisher
type
organization
name
wikimedia
foundation
inc
logo
type
imageobject
url
https
datepublished
datemodified
headline
wikimedia
list
article
wgbackendresponsetime
wghostname
mw
